{"/home/mat/dev/MuscleUpApp-Api/server.js": {"path":"/home/mat/dev/MuscleUpApp-Api/server.js","statementMap":{"0":{"start":{"line":1,"column":0},"end":{"line":1,"column":27}},"1":{"start":{"line":2,"column":16},"end":{"line":2,"column":34}},"2":{"start":{"line":3,"column":16},"end":{"line":3,"column":42}},"3":{"start":{"line":4,"column":18},"end":{"line":4,"column":55}},"4":{"start":{"line":5,"column":17},"end":{"line":5,"column":30}},"5":{"start":{"line":6,"column":13},"end":{"line":6,"column":28}},"6":{"start":{"line":7,"column":13},"end":{"line":7,"column":28}},"7":{"start":{"line":8,"column":11},"end":{"line":8,"column":24}},"8":{"start":{"line":10,"column":21},"end":{"line":10,"column":58}},"9":{"start":{"line":11,"column":0},"end":{"line":14,"column":1}},"10":{"start":{"line":12,"column":2},"end":{"line":12,"column":68}},"11":{"start":{"line":13,"column":2},"end":{"line":13,"column":18}},"12":{"start":{"line":16,"column":12},"end":{"line":16,"column":21}},"13":{"start":{"line":17,"column":13},"end":{"line":17,"column":37}},"14":{"start":{"line":20,"column":13},"end":{"line":24,"column":2}},"15":{"start":{"line":27,"column":0},"end":{"line":37,"column":5}},"16":{"start":{"line":28,"column":2},"end":{"line":36,"column":3}},"17":{"start":{"line":29,"column":19},"end":{"line":29,"column":84}},"18":{"start":{"line":30,"column":4},"end":{"line":30,"column":29}},"19":{"start":{"line":31,"column":22},"end":{"line":31,"column":103}},"20":{"start":{"line":32,"column":4},"end":{"line":32,"column":32}},"21":{"start":{"line":33,"column":4},"end":{"line":33,"column":41}},"22":{"start":{"line":35,"column":4},"end":{"line":35,"column":55}},"23":{"start":{"line":40,"column":0},"end":{"line":48,"column":5}},"24":{"start":{"line":41,"column":20},"end":{"line":41,"column":77}},"25":{"start":{"line":42,"column":21},"end":{"line":42,"column":85}},"26":{"start":{"line":43,"column":2},"end":{"line":47,"column":3}},"27":{"start":{"line":44,"column":4},"end":{"line":46,"column":6}},"28":{"start":{"line":51,"column":24},"end":{"line":51,"column":91}},"29":{"start":{"line":52,"column":0},"end":{"line":52,"column":26}},"30":{"start":{"line":53,"column":0},"end":{"line":60,"column":4}},"31":{"start":{"line":55,"column":4},"end":{"line":55,"column":39}},"32":{"start":{"line":55,"column":17},"end":{"line":55,"column":39}},"33":{"start":{"line":56,"column":4},"end":{"line":56,"column":64}},"34":{"start":{"line":56,"column":42},"end":{"line":56,"column":64}},"35":{"start":{"line":57,"column":4},"end":{"line":57,"column":20}},"36":{"start":{"line":63,"column":21},"end":{"line":63,"column":53}},"37":{"start":{"line":64,"column":0},"end":{"line":64,"column":104}},"38":{"start":{"line":66,"column":0},"end":{"line":66,"column":24}},"39":{"start":{"line":67,"column":0},"end":{"line":67,"column":48}},"40":{"start":{"line":70,"column":0},"end":{"line":81,"column":4}},"41":{"start":{"line":84,"column":0},"end":{"line":84,"column":48}},"42":{"start":{"line":85,"column":0},"end":{"line":85,"column":52}},"43":{"start":{"line":86,"column":0},"end":{"line":86,"column":37}},"44":{"start":{"line":89,"column":0},"end":{"line":89,"column":61}},"45":{"start":{"line":89,"column":33},"end":{"line":89,"column":59}},"46":{"start":{"line":91,"column":0},"end":{"line":91,"column":77}},"47":{"start":{"line":91,"column":23},"end":{"line":91,"column":75}}},"fnMap":{"0":{"name":"(anonymous_0)","decl":{"start":{"line":27,"column":1},"end":{"line":27,"column":2}},"loc":{"start":{"line":27,"column":13},"end":{"line":37,"column":1}},"line":27},"1":{"name":"checkForgotPasswordEmailConfig","decl":{"start":{"line":40,"column":10},"end":{"line":40,"column":40}},"loc":{"start":{"line":40,"column":43},"end":{"line":48,"column":1}},"line":40},"2":{"name":"(anonymous_2)","decl":{"start":{"line":54,"column":10},"end":{"line":54,"column":11}},"loc":{"start":{"line":54,"column":32},"end":{"line":58,"column":3}},"line":54},"3":{"name":"(anonymous_3)","decl":{"start":{"line":89,"column":19},"end":{"line":89,"column":20}},"loc":{"start":{"line":89,"column":33},"end":{"line":89,"column":59}},"line":89},"4":{"name":"(anonymous_4)","decl":{"start":{"line":91,"column":17},"end":{"line":91,"column":18}},"loc":{"start":{"line":91,"column":23},"end":{"line":91,"column":75}},"line":91}},"branchMap":{"0":{"loc":{"start":{"line":11,"column":0},"end":{"line":14,"column":1}},"type":"if","locations":[{"start":{"line":11,"column":0},"end":{"line":14,"column":1}},{"start":{},"end":{}}],"line":11},"1":{"loc":{"start":{"line":11,"column":4},"end":{"line":11,"column":47}},"type":"binary-expr","locations":[{"start":{"line":11,"column":4},"end":{"line":11,"column":16}},{"start":{"line":11,"column":20},"end":{"line":11,"column":47}}],"line":11},"2":{"loc":{"start":{"line":17,"column":13},"end":{"line":17,"column":37}},"type":"binary-expr","locations":[{"start":{"line":17,"column":13},"end":{"line":17,"column":29}},{"start":{"line":17,"column":33},"end":{"line":17,"column":37}}],"line":17},"3":{"loc":{"start":{"line":23,"column":7},"end":{"line":23,"column":84}},"type":"cond-expr","locations":[{"start":{"line":23,"column":47},"end":{"line":23,"column":76}},{"start":{"line":23,"column":79},"end":{"line":23,"column":84}}],"line":23},"4":{"loc":{"start":{"line":41,"column":23},"end":{"line":41,"column":76}},"type":"binary-expr","locations":[{"start":{"line":41,"column":23},"end":{"line":41,"column":49}},{"start":{"line":41,"column":53},"end":{"line":41,"column":76}}],"line":41},"5":{"loc":{"start":{"line":42,"column":24},"end":{"line":42,"column":84}},"type":"binary-expr","locations":[{"start":{"line":42,"column":24},"end":{"line":42,"column":51}},{"start":{"line":42,"column":55},"end":{"line":42,"column":84}}],"line":42},"6":{"loc":{"start":{"line":43,"column":2},"end":{"line":47,"column":3}},"type":"if","locations":[{"start":{"line":43,"column":2},"end":{"line":47,"column":3}},{"start":{},"end":{}}],"line":43},"7":{"loc":{"start":{"line":43,"column":6},"end":{"line":43,"column":31}},"type":"binary-expr","locations":[{"start":{"line":43,"column":6},"end":{"line":43,"column":16}},{"start":{"line":43,"column":20},"end":{"line":43,"column":31}}],"line":43},"8":{"loc":{"start":{"line":51,"column":25},"end":{"line":51,"column":79}},"type":"binary-expr","locations":[{"start":{"line":51,"column":25},"end":{"line":51,"column":52}},{"start":{"line":51,"column":56},"end":{"line":51,"column":79}}],"line":51},"9":{"loc":{"start":{"line":55,"column":4},"end":{"line":55,"column":39}},"type":"if","locations":[{"start":{"line":55,"column":4},"end":{"line":55,"column":39}},{"start":{},"end":{}}],"line":55},"10":{"loc":{"start":{"line":56,"column":4},"end":{"line":56,"column":64}},"type":"if","locations":[{"start":{"line":56,"column":4},"end":{"line":56,"column":64}},{"start":{},"end":{}}],"line":56},"11":{"loc":{"start":{"line":72,"column":10},"end":{"line":72,"column":71}},"type":"binary-expr","locations":[{"start":{"line":72,"column":10},"end":{"line":72,"column":36}},{"start":{"line":72,"column":40},"end":{"line":72,"column":71}}],"line":72},"12":{"loc":{"start":{"line":78,"column":14},"end":{"line":78,"column":68}},"type":"cond-expr","locations":[{"start":{"line":78,"column":54},"end":{"line":78,"column":60}},{"start":{"line":78,"column":63},"end":{"line":78,"column":68}}],"line":78}},"s":{"0":0,"1":0,"2":0,"3":0,"4":0,"5":0,"6":0,"7":0,"8":0,"9":0,"10":0,"11":0,"12":0,"13":0,"14":0,"15":0,"16":0,"17":0,"18":0,"19":0,"20":0,"21":0,"22":0,"23":0,"24":0,"25":0,"26":0,"27":0,"28":0,"29":0,"30":0,"31":0,"32":0,"33":0,"34":0,"35":0,"36":0,"37":0,"38":0,"39":0,"40":0,"41":0,"42":0,"43":0,"44":0,"45":0,"46":0,"47":0},"f":{"0":0,"1":0,"2":0,"3":0,"4":0},"b":{"0":[0,0],"1":[0,0],"2":[0,0],"3":[0,0],"4":[0,0],"5":[0,0],"6":[0,0],"7":[0,0],"8":[0,0],"9":[0,0],"10":[0,0],"11":[0,0],"12":[0,0]}}
,"/home/mat/dev/MuscleUpApp-Api/middleware/auth.js": {"path":"/home/mat/dev/MuscleUpApp-Api/middleware/auth.js","statementMap":{"0":{"start":{"line":2,"column":2},"end":{"line":2,"column":55}},"1":{"start":{"line":2,"column":41},"end":{"line":2,"column":55}},"2":{"start":{"line":3,"column":2},"end":{"line":3,"column":55}},"3":{"start":{"line":6,"column":0},"end":{"line":6,"column":33}}},"fnMap":{"0":{"name":"requireAuth","decl":{"start":{"line":1,"column":9},"end":{"line":1,"column":20}},"loc":{"start":{"line":1,"column":37},"end":{"line":4,"column":1}},"line":1}},"branchMap":{"0":{"loc":{"start":{"line":2,"column":2},"end":{"line":2,"column":55}},"type":"if","locations":[{"start":{"line":2,"column":2},"end":{"line":2,"column":55}},{"start":{},"end":{}}],"line":2},"1":{"loc":{"start":{"line":2,"column":6},"end":{"line":2,"column":39}},"type":"binary-expr","locations":[{"start":{"line":2,"column":6},"end":{"line":2,"column":17}},{"start":{"line":2,"column":21},"end":{"line":2,"column":39}}],"line":2}},"s":{"0":0,"1":0,"2":0,"3":0},"f":{"0":0},"b":{"0":[0,0],"1":[0,0]}}
,"/home/mat/dev/MuscleUpApp-Api/routes/auth.js": {"path":"/home/mat/dev/MuscleUpApp-Api/routes/auth.js","statementMap":{"0":{"start":{"line":1,"column":16},"end":{"line":1,"column":34}},"1":{"start":{"line":2,"column":18},"end":{"line":2,"column":47}},"2":{"start":{"line":3,"column":15},"end":{"line":3,"column":34}},"3":{"start":{"line":4,"column":15},"end":{"line":4,"column":32}},"4":{"start":{"line":5,"column":24},"end":{"line":5,"column":53}},"5":{"start":{"line":6,"column":23},"end":{"line":6,"column":51}},"6":{"start":{"line":7,"column":15},"end":{"line":7,"column":31}},"7":{"start":{"line":9,"column":34},"end":{"line":9,"column":35}},"8":{"start":{"line":10,"column":36},"end":{"line":10,"column":37}},"9":{"start":{"line":12,"column":20},"end":{"line":12,"column":48}},"10":{"start":{"line":13,"column":32},"end":{"line":13,"column":35}},"11":{"start":{"line":14,"column":33},"end":{"line":14,"column":34}},"12":{"start":{"line":17,"column":2},"end":{"line":17,"column":48}},"13":{"start":{"line":21,"column":2},"end":{"line":21,"column":65}},"14":{"start":{"line":25,"column":17},"end":{"line":25,"column":47}},"15":{"start":{"line":26,"column":23},"end":{"line":26,"column":60}},"16":{"start":{"line":28,"column":2},"end":{"line":33,"column":3}},"17":{"start":{"line":29,"column":4},"end":{"line":31,"column":5}},"18":{"start":{"line":30,"column":6},"end":{"line":30,"column":104}},"19":{"start":{"line":32,"column":4},"end":{"line":32,"column":18}},"20":{"start":{"line":35,"column":21},"end":{"line":35,"column":46}},"21":{"start":{"line":36,"column":17},"end":{"line":36,"column":41}},"22":{"start":{"line":37,"column":17},"end":{"line":37,"column":92}},"23":{"start":{"line":38,"column":19},"end":{"line":38,"column":35}},"24":{"start":{"line":39,"column":2},"end":{"line":41,"column":3}},"25":{"start":{"line":40,"column":4},"end":{"line":40,"column":77}},"26":{"start":{"line":42,"column":12},"end":{"line":42,"column":41}},"27":{"start":{"line":43,"column":12},"end":{"line":43,"column":39}},"28":{"start":{"line":44,"column":2},"end":{"line":46,"column":3}},"29":{"start":{"line":45,"column":4},"end":{"line":45,"column":77}},"30":{"start":{"line":47,"column":2},"end":{"line":47,"column":9}},"31":{"start":{"line":50,"column":25},"end":{"line":56,"column":2}},"32":{"start":{"line":58,"column":21},"end":{"line":64,"column":2}},"33":{"start":{"line":66,"column":0},"end":{"line":427,"column":2}},"34":{"start":{"line":68,"column":2},"end":{"line":82,"column":5}},"35":{"start":{"line":69,"column":4},"end":{"line":71,"column":5}},"36":{"start":{"line":70,"column":6},"end":{"line":70,"column":48}},"37":{"start":{"line":72,"column":4},"end":{"line":81,"column":5}},"38":{"start":{"line":73,"column":21},"end":{"line":76,"column":7}},"39":{"start":{"line":77,"column":6},"end":{"line":77,"column":73}},"40":{"start":{"line":77,"column":31},"end":{"line":77,"column":73}},"41":{"start":{"line":78,"column":6},"end":{"line":78,"column":62}},"42":{"start":{"line":80,"column":6},"end":{"line":80,"column":54}},"43":{"start":{"line":86,"column":4},"end":{"line":99,"column":5}},"44":{"start":{"line":87,"column":21},"end":{"line":87,"column":53}},"45":{"start":{"line":88,"column":6},"end":{"line":92,"column":9}},"46":{"start":{"line":94,"column":6},"end":{"line":96,"column":7}},"47":{"start":{"line":95,"column":8},"end":{"line":95,"column":60}},"48":{"start":{"line":97,"column":6},"end":{"line":97,"column":47}},"49":{"start":{"line":98,"column":6},"end":{"line":98,"column":63}},"50":{"start":{"line":102,"column":2},"end":{"line":102,"column":86}},"51":{"start":{"line":103,"column":2},"end":{"line":103,"column":97}},"52":{"start":{"line":106,"column":2},"end":{"line":141,"column":5}},"53":{"start":{"line":107,"column":64},"end":{"line":107,"column":72}},"54":{"start":{"line":108,"column":4},"end":{"line":110,"column":5}},"55":{"start":{"line":109,"column":6},"end":{"line":109,"column":73}},"56":{"start":{"line":111,"column":4},"end":{"line":113,"column":5}},"57":{"start":{"line":112,"column":6},"end":{"line":112,"column":88}},"58":{"start":{"line":114,"column":4},"end":{"line":116,"column":5}},"59":{"start":{"line":115,"column":6},"end":{"line":115,"column":72}},"60":{"start":{"line":117,"column":4},"end":{"line":119,"column":5}},"61":{"start":{"line":118,"column":6},"end":{"line":118,"column":78}},"62":{"start":{"line":120,"column":4},"end":{"line":140,"column":5}},"63":{"start":{"line":121,"column":21},"end":{"line":121,"column":102}},"64":{"start":{"line":122,"column":6},"end":{"line":124,"column":7}},"65":{"start":{"line":123,"column":8},"end":{"line":123,"column":76}},"66":{"start":{"line":125,"column":19},"end":{"line":125,"column":50}},"67":{"start":{"line":126,"column":21},"end":{"line":129,"column":7}},"68":{"start":{"line":130,"column":19},"end":{"line":130,"column":33}},"69":{"start":{"line":131,"column":6},"end":{"line":133,"column":9}},"70":{"start":{"line":132,"column":8},"end":{"line":132,"column":83}},"71":{"start":{"line":132,"column":42},"end":{"line":132,"column":79}},"72":{"start":{"line":132,"column":51},"end":{"line":132,"column":63}},"73":{"start":{"line":132,"column":69},"end":{"line":132,"column":79}},"74":{"start":{"line":134,"column":6},"end":{"line":134,"column":35}},"75":{"start":{"line":135,"column":6},"end":{"line":135,"column":50}},"76":{"start":{"line":136,"column":6},"end":{"line":136,"column":37}},"77":{"start":{"line":138,"column":6},"end":{"line":138,"column":44}},"78":{"start":{"line":139,"column":6},"end":{"line":139,"column":63}},"79":{"start":{"line":144,"column":2},"end":{"line":174,"column":5}},"80":{"start":{"line":145,"column":32},"end":{"line":145,"column":40}},"81":{"start":{"line":146,"column":4},"end":{"line":148,"column":5}},"82":{"start":{"line":147,"column":6},"end":{"line":147,"column":81}},"83":{"start":{"line":149,"column":4},"end":{"line":173,"column":5}},"84":{"start":{"line":150,"column":21},"end":{"line":153,"column":7}},"85":{"start":{"line":154,"column":6},"end":{"line":156,"column":7}},"86":{"start":{"line":155,"column":8},"end":{"line":155,"column":77}},"87":{"start":{"line":157,"column":19},"end":{"line":157,"column":33}},"88":{"start":{"line":158,"column":20},"end":{"line":158,"column":70}},"89":{"start":{"line":159,"column":6},"end":{"line":161,"column":7}},"90":{"start":{"line":160,"column":8},"end":{"line":160,"column":77}},"91":{"start":{"line":162,"column":6},"end":{"line":164,"column":9}},"92":{"start":{"line":163,"column":8},"end":{"line":163,"column":83}},"93":{"start":{"line":163,"column":42},"end":{"line":163,"column":79}},"94":{"start":{"line":163,"column":51},"end":{"line":163,"column":63}},"95":{"start":{"line":163,"column":69},"end":{"line":163,"column":79}},"96":{"start":{"line":165,"column":6},"end":{"line":165,"column":35}},"97":{"start":{"line":166,"column":6},"end":{"line":166,"column":50}},"98":{"start":{"line":167,"column":6},"end":{"line":169,"column":9}},"99":{"start":{"line":171,"column":6},"end":{"line":171,"column":41}},"100":{"start":{"line":172,"column":6},"end":{"line":172,"column":63}},"101":{"start":{"line":177,"column":2},"end":{"line":179,"column":5}},"102":{"start":{"line":178,"column":4},"end":{"line":178,"column":54}},"103":{"start":{"line":178,"column":30},"end":{"line":178,"column":52}},"104":{"start":{"line":182,"column":2},"end":{"line":205,"column":5}},"105":{"start":{"line":183,"column":18},"end":{"line":183,"column":65}},"106":{"start":{"line":184,"column":4},"end":{"line":184,"column":73}},"107":{"start":{"line":184,"column":16},"end":{"line":184,"column":73}},"108":{"start":{"line":185,"column":4},"end":{"line":204,"column":5}},"109":{"start":{"line":186,"column":16},"end":{"line":191,"column":7}},"110":{"start":{"line":192,"column":6},"end":{"line":192,"column":93}},"111":{"start":{"line":192,"column":26},"end":{"line":192,"column":93}},"112":{"start":{"line":193,"column":18},"end":{"line":193,"column":27}},"113":{"start":{"line":194,"column":19},"end":{"line":194,"column":117}},"114":{"start":{"line":195,"column":6},"end":{"line":197,"column":9}},"115":{"start":{"line":196,"column":8},"end":{"line":196,"column":83}},"116":{"start":{"line":196,"column":42},"end":{"line":196,"column":79}},"117":{"start":{"line":196,"column":51},"end":{"line":196,"column":63}},"118":{"start":{"line":196,"column":69},"end":{"line":196,"column":79}},"119":{"start":{"line":198,"column":6},"end":{"line":198,"column":35}},"120":{"start":{"line":199,"column":6},"end":{"line":199,"column":50}},"121":{"start":{"line":200,"column":6},"end":{"line":200,"column":25}},"122":{"start":{"line":202,"column":6},"end":{"line":202,"column":63}},"123":{"start":{"line":203,"column":6},"end":{"line":203,"column":54}},"124":{"start":{"line":208,"column":2},"end":{"line":240,"column":5}},"125":{"start":{"line":209,"column":45},"end":{"line":209,"column":53}},"126":{"start":{"line":210,"column":16},"end":{"line":210,"column":39}},"127":{"start":{"line":211,"column":4},"end":{"line":211,"column":73}},"128":{"start":{"line":211,"column":16},"end":{"line":211,"column":73}},"129":{"start":{"line":212,"column":4},"end":{"line":212,"column":81}},"130":{"start":{"line":212,"column":14},"end":{"line":212,"column":81}},"131":{"start":{"line":213,"column":4},"end":{"line":213,"column":106}},"132":{"start":{"line":213,"column":24},"end":{"line":213,"column":106}},"133":{"start":{"line":214,"column":4},"end":{"line":239,"column":5}},"134":{"start":{"line":215,"column":16},"end":{"line":219,"column":7}},"135":{"start":{"line":220,"column":6},"end":{"line":220,"column":93}},"136":{"start":{"line":220,"column":26},"end":{"line":220,"column":93}},"137":{"start":{"line":221,"column":21},"end":{"line":221,"column":38}},"138":{"start":{"line":222,"column":19},"end":{"line":222,"column":45}},"139":{"start":{"line":223,"column":6},"end":{"line":223,"column":115}},"140":{"start":{"line":224,"column":6},"end":{"line":224,"column":133}},"141":{"start":{"line":225,"column":25},"end":{"line":228,"column":7}},"142":{"start":{"line":229,"column":19},"end":{"line":229,"column":37}},"143":{"start":{"line":230,"column":6},"end":{"line":232,"column":9}},"144":{"start":{"line":231,"column":8},"end":{"line":231,"column":83}},"145":{"start":{"line":231,"column":42},"end":{"line":231,"column":79}},"146":{"start":{"line":231,"column":51},"end":{"line":231,"column":63}},"147":{"start":{"line":231,"column":69},"end":{"line":231,"column":79}},"148":{"start":{"line":233,"column":6},"end":{"line":233,"column":35}},"149":{"start":{"line":234,"column":6},"end":{"line":234,"column":50}},"150":{"start":{"line":235,"column":6},"end":{"line":235,"column":25}},"151":{"start":{"line":237,"column":6},"end":{"line":237,"column":48}},"152":{"start":{"line":238,"column":6},"end":{"line":238,"column":63}},"153":{"start":{"line":243,"column":2},"end":{"line":290,"column":5}},"154":{"start":{"line":244,"column":22},"end":{"line":244,"column":30}},"155":{"start":{"line":245,"column":22},"end":{"line":245,"column":77}},"156":{"start":{"line":246,"column":4},"end":{"line":246,"column":81}},"157":{"start":{"line":246,"column":20},"end":{"line":246,"column":81}},"158":{"start":{"line":247,"column":4},"end":{"line":247,"column":102}},"159":{"start":{"line":247,"column":38},"end":{"line":247,"column":102}},"160":{"start":{"line":248,"column":20},"end":{"line":248,"column":86}},"161":{"start":{"line":249,"column":25},"end":{"line":249,"column":93}},"162":{"start":{"line":250,"column":4},"end":{"line":289,"column":5}},"163":{"start":{"line":251,"column":25},"end":{"line":251,"column":98}},"164":{"start":{"line":252,"column":6},"end":{"line":254,"column":7}},"165":{"start":{"line":253,"column":8},"end":{"line":253,"column":38}},"166":{"start":{"line":255,"column":21},"end":{"line":255,"column":42}},"167":{"start":{"line":256,"column":20},"end":{"line":256,"column":35}},"168":{"start":{"line":257,"column":24},"end":{"line":257,"column":91}},"169":{"start":{"line":258,"column":6},"end":{"line":261,"column":8}},"170":{"start":{"line":262,"column":29},"end":{"line":262,"column":105}},"171":{"start":{"line":264,"column":6},"end":{"line":279,"column":7}},"172":{"start":{"line":265,"column":27},"end":{"line":265,"column":44}},"173":{"start":{"line":266,"column":23},"end":{"line":266,"column":61}},"174":{"start":{"line":267,"column":32},"end":{"line":272,"column":10}},"175":{"start":{"line":273,"column":8},"end":{"line":278,"column":9}},"176":{"start":{"line":274,"column":10},"end":{"line":274,"column":81}},"177":{"start":{"line":275,"column":10},"end":{"line":277,"column":11}},"178":{"start":{"line":276,"column":12},"end":{"line":276,"column":64}},"179":{"start":{"line":281,"column":27},"end":{"line":281,"column":64}},"180":{"start":{"line":282,"column":6},"end":{"line":284,"column":7}},"181":{"start":{"line":283,"column":8},"end":{"line":283,"column":60}},"182":{"start":{"line":285,"column":6},"end":{"line":285,"column":29}},"183":{"start":{"line":287,"column":6},"end":{"line":287,"column":51}},"184":{"start":{"line":288,"column":6},"end":{"line":288,"column":63}},"185":{"start":{"line":293,"column":2},"end":{"line":325,"column":5}},"186":{"start":{"line":294,"column":50},"end":{"line":294,"column":58}},"187":{"start":{"line":295,"column":4},"end":{"line":295,"column":73}},"188":{"start":{"line":295,"column":16},"end":{"line":295,"column":73}},"189":{"start":{"line":296,"column":4},"end":{"line":296,"column":83}},"190":{"start":{"line":296,"column":19},"end":{"line":296,"column":83}},"191":{"start":{"line":297,"column":4},"end":{"line":297,"column":111}},"192":{"start":{"line":297,"column":29},"end":{"line":297,"column":111}},"193":{"start":{"line":298,"column":4},"end":{"line":298,"column":119}},"194":{"start":{"line":298,"column":53},"end":{"line":298,"column":119}},"195":{"start":{"line":299,"column":4},"end":{"line":324,"column":5}},"196":{"start":{"line":300,"column":16},"end":{"line":304,"column":7}},"197":{"start":{"line":305,"column":6},"end":{"line":305,"column":93}},"198":{"start":{"line":305,"column":26},"end":{"line":305,"column":93}},"199":{"start":{"line":306,"column":21},"end":{"line":306,"column":38}},"200":{"start":{"line":307,"column":19},"end":{"line":307,"column":50}},"201":{"start":{"line":308,"column":6},"end":{"line":308,"column":115}},"202":{"start":{"line":309,"column":6},"end":{"line":309,"column":114}},"203":{"start":{"line":310,"column":25},"end":{"line":313,"column":7}},"204":{"start":{"line":314,"column":19},"end":{"line":314,"column":37}},"205":{"start":{"line":315,"column":6},"end":{"line":317,"column":9}},"206":{"start":{"line":316,"column":8},"end":{"line":316,"column":83}},"207":{"start":{"line":316,"column":42},"end":{"line":316,"column":79}},"208":{"start":{"line":316,"column":51},"end":{"line":316,"column":63}},"209":{"start":{"line":316,"column":69},"end":{"line":316,"column":79}},"210":{"start":{"line":318,"column":6},"end":{"line":318,"column":35}},"211":{"start":{"line":319,"column":6},"end":{"line":319,"column":50}},"212":{"start":{"line":320,"column":6},"end":{"line":320,"column":25}},"213":{"start":{"line":322,"column":6},"end":{"line":322,"column":50}},"214":{"start":{"line":323,"column":6},"end":{"line":323,"column":63}},"215":{"start":{"line":328,"column":2},"end":{"line":355,"column":5}},"216":{"start":{"line":329,"column":65},"end":{"line":329,"column":73}},"217":{"start":{"line":330,"column":4},"end":{"line":332,"column":5}},"218":{"start":{"line":331,"column":6},"end":{"line":331,"column":73}},"219":{"start":{"line":333,"column":4},"end":{"line":335,"column":5}},"220":{"start":{"line":334,"column":6},"end":{"line":334,"column":88}},"221":{"start":{"line":336,"column":4},"end":{"line":338,"column":5}},"222":{"start":{"line":337,"column":6},"end":{"line":337,"column":76}},"223":{"start":{"line":339,"column":4},"end":{"line":354,"column":5}},"224":{"start":{"line":340,"column":21},"end":{"line":340,"column":109}},"225":{"start":{"line":341,"column":6},"end":{"line":343,"column":7}},"226":{"start":{"line":342,"column":8},"end":{"line":342,"column":66}},"227":{"start":{"line":344,"column":20},"end":{"line":344,"column":88}},"228":{"start":{"line":345,"column":6},"end":{"line":347,"column":7}},"229":{"start":{"line":346,"column":8},"end":{"line":346,"column":81}},"230":{"start":{"line":348,"column":19},"end":{"line":348,"column":54}},"231":{"start":{"line":349,"column":6},"end":{"line":349,"column":121}},"232":{"start":{"line":350,"column":6},"end":{"line":350,"column":29}},"233":{"start":{"line":352,"column":6},"end":{"line":352,"column":51}},"234":{"start":{"line":353,"column":6},"end":{"line":353,"column":68}},"235":{"start":{"line":358,"column":2},"end":{"line":385,"column":5}},"236":{"start":{"line":359,"column":36},"end":{"line":359,"column":44}},"237":{"start":{"line":360,"column":4},"end":{"line":384,"column":5}},"238":{"start":{"line":361,"column":22},"end":{"line":361,"column":24}},"239":{"start":{"line":362,"column":21},"end":{"line":362,"column":23}},"240":{"start":{"line":363,"column":21},"end":{"line":363,"column":22}},"241":{"start":{"line":364,"column":6},"end":{"line":367,"column":7}},"242":{"start":{"line":365,"column":8},"end":{"line":365,"column":45}},"243":{"start":{"line":366,"column":8},"end":{"line":366,"column":27}},"244":{"start":{"line":368,"column":6},"end":{"line":371,"column":7}},"245":{"start":{"line":369,"column":8},"end":{"line":369,"column":52}},"246":{"start":{"line":370,"column":8},"end":{"line":370,"column":41}},"247":{"start":{"line":372,"column":6},"end":{"line":374,"column":7}},"248":{"start":{"line":373,"column":8},"end":{"line":373,"column":77}},"249":{"start":{"line":375,"column":6},"end":{"line":375,"column":38}},"250":{"start":{"line":376,"column":21},"end":{"line":379,"column":7}},"251":{"start":{"line":380,"column":6},"end":{"line":380,"column":41}},"252":{"start":{"line":382,"column":6},"end":{"line":382,"column":51}},"253":{"start":{"line":383,"column":6},"end":{"line":383,"column":68}},"254":{"start":{"line":388,"column":2},"end":{"line":398,"column":5}},"255":{"start":{"line":389,"column":4},"end":{"line":397,"column":5}},"256":{"start":{"line":390,"column":6},"end":{"line":390,"column":94}},"257":{"start":{"line":391,"column":6},"end":{"line":391,"column":92}},"258":{"start":{"line":392,"column":6},"end":{"line":392,"column":114}},"259":{"start":{"line":393,"column":6},"end":{"line":393,"column":29}},"260":{"start":{"line":395,"column":6},"end":{"line":395,"column":50}},"261":{"start":{"line":396,"column":6},"end":{"line":396,"column":67}},"262":{"start":{"line":401,"column":2},"end":{"line":415,"column":5}},"263":{"start":{"line":402,"column":4},"end":{"line":414,"column":5}},"264":{"start":{"line":403,"column":6},"end":{"line":408,"column":7}},"265":{"start":{"line":403,"column":23},"end":{"line":403,"column":24}},"266":{"start":{"line":404,"column":8},"end":{"line":407,"column":10}},"267":{"start":{"line":409,"column":6},"end":{"line":409,"column":114}},"268":{"start":{"line":410,"column":6},"end":{"line":410,"column":29}},"269":{"start":{"line":412,"column":6},"end":{"line":412,"column":46}},"270":{"start":{"line":413,"column":6},"end":{"line":413,"column":66}},"271":{"start":{"line":418,"column":2},"end":{"line":424,"column":5}},"272":{"start":{"line":419,"column":4},"end":{"line":423,"column":5}},"273":{"start":{"line":420,"column":6},"end":{"line":420,"column":63}},"274":{"start":{"line":422,"column":6},"end":{"line":422,"column":76}},"275":{"start":{"line":426,"column":2},"end":{"line":426,"column":16}}},"fnMap":{"0":{"name":"generateToken","decl":{"start":{"line":16,"column":9},"end":{"line":16,"column":22}},"loc":{"start":{"line":16,"column":25},"end":{"line":18,"column":1}},"line":16},"1":{"name":"hashToken","decl":{"start":{"line":20,"column":9},"end":{"line":20,"column":18}},"loc":{"start":{"line":20,"column":26},"end":{"line":22,"column":1}},"line":20},"2":{"name":"requireTrackerApiSecret","decl":{"start":{"line":24,"column":9},"end":{"line":24,"column":32}},"loc":{"start":{"line":24,"column":49},"end":{"line":48,"column":1}},"line":24},"3":{"name":"(anonymous_3)","decl":{"start":{"line":66,"column":17},"end":{"line":66,"column":18}},"loc":{"start":{"line":66,"column":33},"end":{"line":427,"column":1}},"line":66},"4":{"name":"(anonymous_4)","decl":{"start":{"line":68,"column":25},"end":{"line":68,"column":26}},"loc":{"start":{"line":68,"column":45},"end":{"line":82,"column":3}},"line":68},"5":{"name":"createUserHandler","decl":{"start":{"line":85,"column":17},"end":{"line":85,"column":34}},"loc":{"start":{"line":85,"column":45},"end":{"line":100,"column":3}},"line":85},"6":{"name":"(anonymous_6)","decl":{"start":{"line":106,"column":32},"end":{"line":106,"column":33}},"loc":{"start":{"line":106,"column":52},"end":{"line":141,"column":3}},"line":106},"7":{"name":"(anonymous_7)","decl":{"start":{"line":131,"column":24},"end":{"line":131,"column":25}},"loc":{"start":{"line":131,"column":45},"end":{"line":133,"column":7}},"line":131},"8":{"name":"(anonymous_8)","decl":{"start":{"line":132,"column":31},"end":{"line":132,"column":32}},"loc":{"start":{"line":132,"column":40},"end":{"line":132,"column":81}},"line":132},"9":{"name":"(anonymous_9)","decl":{"start":{"line":144,"column":43},"end":{"line":144,"column":44}},"loc":{"start":{"line":144,"column":63},"end":{"line":174,"column":3}},"line":144},"10":{"name":"(anonymous_10)","decl":{"start":{"line":162,"column":24},"end":{"line":162,"column":25}},"loc":{"start":{"line":162,"column":45},"end":{"line":164,"column":7}},"line":162},"11":{"name":"(anonymous_11)","decl":{"start":{"line":163,"column":31},"end":{"line":163,"column":32}},"loc":{"start":{"line":163,"column":40},"end":{"line":163,"column":81}},"line":163},"12":{"name":"(anonymous_12)","decl":{"start":{"line":177,"column":43},"end":{"line":177,"column":44}},"loc":{"start":{"line":177,"column":57},"end":{"line":179,"column":3}},"line":177},"13":{"name":"(anonymous_13)","decl":{"start":{"line":178,"column":24},"end":{"line":178,"column":25}},"loc":{"start":{"line":178,"column":30},"end":{"line":178,"column":52}},"line":178},"14":{"name":"(anonymous_14)","decl":{"start":{"line":182,"column":50},"end":{"line":182,"column":51}},"loc":{"start":{"line":182,"column":70},"end":{"line":205,"column":3}},"line":182},"15":{"name":"(anonymous_15)","decl":{"start":{"line":195,"column":24},"end":{"line":195,"column":25}},"loc":{"start":{"line":195,"column":45},"end":{"line":197,"column":7}},"line":195},"16":{"name":"(anonymous_16)","decl":{"start":{"line":196,"column":31},"end":{"line":196,"column":32}},"loc":{"start":{"line":196,"column":40},"end":{"line":196,"column":81}},"line":196},"17":{"name":"(anonymous_17)","decl":{"start":{"line":208,"column":54},"end":{"line":208,"column":55}},"loc":{"start":{"line":208,"column":74},"end":{"line":240,"column":3}},"line":208},"18":{"name":"(anonymous_18)","decl":{"start":{"line":230,"column":24},"end":{"line":230,"column":25}},"loc":{"start":{"line":230,"column":45},"end":{"line":232,"column":7}},"line":230},"19":{"name":"(anonymous_19)","decl":{"start":{"line":231,"column":31},"end":{"line":231,"column":32}},"loc":{"start":{"line":231,"column":40},"end":{"line":231,"column":81}},"line":231},"20":{"name":"(anonymous_20)","decl":{"start":{"line":243,"column":57},"end":{"line":243,"column":58}},"loc":{"start":{"line":243,"column":77},"end":{"line":290,"column":3}},"line":243},"21":{"name":"(anonymous_21)","decl":{"start":{"line":293,"column":38},"end":{"line":293,"column":39}},"loc":{"start":{"line":293,"column":58},"end":{"line":325,"column":3}},"line":293},"22":{"name":"(anonymous_22)","decl":{"start":{"line":315,"column":24},"end":{"line":315,"column":25}},"loc":{"start":{"line":315,"column":45},"end":{"line":317,"column":7}},"line":315},"23":{"name":"(anonymous_23)","decl":{"start":{"line":316,"column":31},"end":{"line":316,"column":32}},"loc":{"start":{"line":316,"column":40},"end":{"line":316,"column":81}},"line":316},"24":{"name":"(anonymous_24)","decl":{"start":{"line":328,"column":52},"end":{"line":328,"column":53}},"loc":{"start":{"line":328,"column":72},"end":{"line":355,"column":3}},"line":328},"25":{"name":"(anonymous_25)","decl":{"start":{"line":358,"column":44},"end":{"line":358,"column":45}},"loc":{"start":{"line":358,"column":64},"end":{"line":385,"column":3}},"line":358},"26":{"name":"(anonymous_26)","decl":{"start":{"line":388,"column":51},"end":{"line":388,"column":52}},"loc":{"start":{"line":388,"column":71},"end":{"line":398,"column":3}},"line":388},"27":{"name":"(anonymous_27)","decl":{"start":{"line":401,"column":47},"end":{"line":401,"column":48}},"loc":{"start":{"line":401,"column":67},"end":{"line":415,"column":3}},"line":401},"28":{"name":"(anonymous_28)","decl":{"start":{"line":418,"column":32},"end":{"line":418,"column":33}},"loc":{"start":{"line":418,"column":46},"end":{"line":424,"column":3}},"line":418}},"branchMap":{"0":{"loc":{"start":{"line":28,"column":2},"end":{"line":33,"column":3}},"type":"if","locations":[{"start":{"line":28,"column":2},"end":{"line":33,"column":3}},{"start":{},"end":{}}],"line":28},"1":{"loc":{"start":{"line":29,"column":4},"end":{"line":31,"column":5}},"type":"if","locations":[{"start":{"line":29,"column":4},"end":{"line":31,"column":5}},{"start":{},"end":{}}],"line":29},"2":{"loc":{"start":{"line":37,"column":17},"end":{"line":37,"column":92}},"type":"cond-expr","locations":[{"start":{"line":37,"column":66},"end":{"line":37,"column":85}},{"start":{"line":37,"column":88},"end":{"line":37,"column":92}}],"line":37},"3":{"loc":{"start":{"line":37,"column":17},"end":{"line":37,"column":63}},"type":"binary-expr","locations":[{"start":{"line":37,"column":17},"end":{"line":37,"column":27}},{"start":{"line":37,"column":31},"end":{"line":37,"column":63}}],"line":37},"4":{"loc":{"start":{"line":38,"column":19},"end":{"line":38,"column":35}},"type":"binary-expr","locations":[{"start":{"line":38,"column":19},"end":{"line":38,"column":25}},{"start":{"line":38,"column":29},"end":{"line":38,"column":35}}],"line":38},"5":{"loc":{"start":{"line":39,"column":2},"end":{"line":41,"column":3}},"type":"if","locations":[{"start":{"line":39,"column":2},"end":{"line":41,"column":3}},{"start":{},"end":{}}],"line":39},"6":{"loc":{"start":{"line":44,"column":2},"end":{"line":46,"column":3}},"type":"if","locations":[{"start":{"line":44,"column":2},"end":{"line":46,"column":3}},{"start":{},"end":{}}],"line":44},"7":{"loc":{"start":{"line":44,"column":6},"end":{"line":44,"column":60}},"type":"binary-expr","locations":[{"start":{"line":44,"column":6},"end":{"line":44,"column":27}},{"start":{"line":44,"column":31},"end":{"line":44,"column":60}}],"line":44},"8":{"loc":{"start":{"line":69,"column":4},"end":{"line":71,"column":5}},"type":"if","locations":[{"start":{"line":69,"column":4},"end":{"line":71,"column":5}},{"start":{},"end":{}}],"line":69},"9":{"loc":{"start":{"line":69,"column":8},"end":{"line":69,"column":43}},"type":"binary-expr","locations":[{"start":{"line":69,"column":8},"end":{"line":69,"column":20}},{"start":{"line":69,"column":24},"end":{"line":69,"column":43}}],"line":69},"10":{"loc":{"start":{"line":77,"column":6},"end":{"line":77,"column":73}},"type":"if","locations":[{"start":{"line":77,"column":6},"end":{"line":77,"column":73}},{"start":{},"end":{}}],"line":77},"11":{"loc":{"start":{"line":88,"column":17},"end":{"line":88,"column":43}},"type":"cond-expr","locations":[{"start":{"line":88,"column":34},"end":{"line":88,"column":37}},{"start":{"line":88,"column":40},"end":{"line":88,"column":43}}],"line":88},"12":{"loc":{"start":{"line":94,"column":6},"end":{"line":96,"column":7}},"type":"if","locations":[{"start":{"line":94,"column":6},"end":{"line":96,"column":7}},{"start":{},"end":{}}],"line":94},"13":{"loc":{"start":{"line":94,"column":10},"end":{"line":94,"column":72}},"type":"binary-expr","locations":[{"start":{"line":94,"column":10},"end":{"line":94,"column":21}},{"start":{"line":94,"column":25},"end":{"line":94,"column":72}}],"line":94},"14":{"loc":{"start":{"line":108,"column":4},"end":{"line":110,"column":5}},"type":"if","locations":[{"start":{"line":108,"column":4},"end":{"line":110,"column":5}},{"start":{},"end":{}}],"line":108},"15":{"loc":{"start":{"line":108,"column":8},"end":{"line":108,"column":65}},"type":"binary-expr","locations":[{"start":{"line":108,"column":8},"end":{"line":108,"column":14}},{"start":{"line":108,"column":18},"end":{"line":108,"column":27}},{"start":{"line":108,"column":31},"end":{"line":108,"column":48}},{"start":{"line":108,"column":52},"end":{"line":108,"column":65}}],"line":108},"16":{"loc":{"start":{"line":111,"column":4},"end":{"line":113,"column":5}},"type":"if","locations":[{"start":{"line":111,"column":4},"end":{"line":113,"column":5}},{"start":{},"end":{}}],"line":111},"17":{"loc":{"start":{"line":114,"column":4},"end":{"line":116,"column":5}},"type":"if","locations":[{"start":{"line":114,"column":4},"end":{"line":116,"column":5}},{"start":{},"end":{}}],"line":114},"18":{"loc":{"start":{"line":117,"column":4},"end":{"line":119,"column":5}},"type":"if","locations":[{"start":{"line":117,"column":4},"end":{"line":119,"column":5}},{"start":{},"end":{}}],"line":117},"19":{"loc":{"start":{"line":122,"column":6},"end":{"line":124,"column":7}},"type":"if","locations":[{"start":{"line":122,"column":6},"end":{"line":124,"column":7}},{"start":{},"end":{}}],"line":122},"20":{"loc":{"start":{"line":132,"column":42},"end":{"line":132,"column":79}},"type":"if","locations":[{"start":{"line":132,"column":42},"end":{"line":132,"column":79}},{"start":{"line":132,"column":69},"end":{"line":132,"column":79}}],"line":132},"21":{"loc":{"start":{"line":146,"column":4},"end":{"line":148,"column":5}},"type":"if","locations":[{"start":{"line":146,"column":4},"end":{"line":148,"column":5}},{"start":{},"end":{}}],"line":146},"22":{"loc":{"start":{"line":146,"column":8},"end":{"line":146,"column":27}},"type":"binary-expr","locations":[{"start":{"line":146,"column":8},"end":{"line":146,"column":14}},{"start":{"line":146,"column":18},"end":{"line":146,"column":27}}],"line":146},"23":{"loc":{"start":{"line":154,"column":6},"end":{"line":156,"column":7}},"type":"if","locations":[{"start":{"line":154,"column":6},"end":{"line":156,"column":7}},{"start":{},"end":{}}],"line":154},"24":{"loc":{"start":{"line":159,"column":6},"end":{"line":161,"column":7}},"type":"if","locations":[{"start":{"line":159,"column":6},"end":{"line":161,"column":7}},{"start":{},"end":{}}],"line":159},"25":{"loc":{"start":{"line":163,"column":42},"end":{"line":163,"column":79}},"type":"if","locations":[{"start":{"line":163,"column":42},"end":{"line":163,"column":79}},{"start":{"line":163,"column":69},"end":{"line":163,"column":79}}],"line":163},"26":{"loc":{"start":{"line":183,"column":18},"end":{"line":183,"column":65}},"type":"binary-expr","locations":[{"start":{"line":183,"column":18},"end":{"line":183,"column":33}},{"start":{"line":183,"column":37},"end":{"line":183,"column":65}}],"line":183},"27":{"loc":{"start":{"line":184,"column":4},"end":{"line":184,"column":73}},"type":"if","locations":[{"start":{"line":184,"column":4},"end":{"line":184,"column":73}},{"start":{},"end":{}}],"line":184},"28":{"loc":{"start":{"line":192,"column":6},"end":{"line":192,"column":93}},"type":"if","locations":[{"start":{"line":192,"column":6},"end":{"line":192,"column":93}},{"start":{},"end":{}}],"line":192},"29":{"loc":{"start":{"line":196,"column":42},"end":{"line":196,"column":79}},"type":"if","locations":[{"start":{"line":196,"column":42},"end":{"line":196,"column":79}},{"start":{"line":196,"column":69},"end":{"line":196,"column":79}}],"line":196},"30":{"loc":{"start":{"line":210,"column":16},"end":{"line":210,"column":39}},"type":"binary-expr","locations":[{"start":{"line":210,"column":16},"end":{"line":210,"column":27}},{"start":{"line":210,"column":31},"end":{"line":210,"column":39}}],"line":210},"31":{"loc":{"start":{"line":211,"column":4},"end":{"line":211,"column":73}},"type":"if","locations":[{"start":{"line":211,"column":4},"end":{"line":211,"column":73}},{"start":{},"end":{}}],"line":211},"32":{"loc":{"start":{"line":212,"column":4},"end":{"line":212,"column":81}},"type":"if","locations":[{"start":{"line":212,"column":4},"end":{"line":212,"column":81}},{"start":{},"end":{}}],"line":212},"33":{"loc":{"start":{"line":213,"column":4},"end":{"line":213,"column":106}},"type":"if","locations":[{"start":{"line":213,"column":4},"end":{"line":213,"column":106}},{"start":{},"end":{}}],"line":213},"34":{"loc":{"start":{"line":220,"column":6},"end":{"line":220,"column":93}},"type":"if","locations":[{"start":{"line":220,"column":6},"end":{"line":220,"column":93}},{"start":{},"end":{}}],"line":220},"35":{"loc":{"start":{"line":231,"column":42},"end":{"line":231,"column":79}},"type":"if","locations":[{"start":{"line":231,"column":42},"end":{"line":231,"column":79}},{"start":{"line":231,"column":69},"end":{"line":231,"column":79}}],"line":231},"36":{"loc":{"start":{"line":245,"column":22},"end":{"line":245,"column":77}},"type":"cond-expr","locations":[{"start":{"line":245,"column":38},"end":{"line":245,"column":72}},{"start":{"line":245,"column":75},"end":{"line":245,"column":77}}],"line":245},"37":{"loc":{"start":{"line":246,"column":4},"end":{"line":246,"column":81}},"type":"if","locations":[{"start":{"line":246,"column":4},"end":{"line":246,"column":81}},{"start":{},"end":{}}],"line":246},"38":{"loc":{"start":{"line":247,"column":4},"end":{"line":247,"column":102}},"type":"if","locations":[{"start":{"line":247,"column":4},"end":{"line":247,"column":102}},{"start":{},"end":{}}],"line":247},"39":{"loc":{"start":{"line":248,"column":20},"end":{"line":248,"column":86}},"type":"binary-expr","locations":[{"start":{"line":248,"column":20},"end":{"line":248,"column":47}},{"start":{"line":248,"column":51},"end":{"line":248,"column":80}},{"start":{"line":248,"column":84},"end":{"line":248,"column":86}}],"line":248},"40":{"loc":{"start":{"line":249,"column":28},"end":{"line":249,"column":92}},"type":"binary-expr","locations":[{"start":{"line":249,"column":28},"end":{"line":249,"column":54}},{"start":{"line":249,"column":58},"end":{"line":249,"column":65}},{"start":{"line":249,"column":69},"end":{"line":249,"column":92}}],"line":249},"41":{"loc":{"start":{"line":252,"column":6},"end":{"line":254,"column":7}},"type":"if","locations":[{"start":{"line":252,"column":6},"end":{"line":254,"column":7}},{"start":{},"end":{}}],"line":252},"42":{"loc":{"start":{"line":262,"column":29},"end":{"line":262,"column":105}},"type":"cond-expr","locations":[{"start":{"line":262,"column":39},"end":{"line":262,"column":98}},{"start":{"line":262,"column":101},"end":{"line":262,"column":105}}],"line":262},"43":{"loc":{"start":{"line":264,"column":6},"end":{"line":279,"column":7}},"type":"if","locations":[{"start":{"line":264,"column":6},"end":{"line":279,"column":7}},{"start":{},"end":{}}],"line":264},"44":{"loc":{"start":{"line":273,"column":8},"end":{"line":278,"column":9}},"type":"if","locations":[{"start":{"line":273,"column":8},"end":{"line":278,"column":9}},{"start":{},"end":{}}],"line":273},"45":{"loc":{"start":{"line":274,"column":57},"end":{"line":274,"column":79}},"type":"binary-expr","locations":[{"start":{"line":274,"column":57},"end":{"line":274,"column":70}},{"start":{"line":274,"column":74},"end":{"line":274,"column":79}}],"line":274},"46":{"loc":{"start":{"line":275,"column":10},"end":{"line":277,"column":11}},"type":"if","locations":[{"start":{"line":275,"column":10},"end":{"line":277,"column":11}},{"start":{},"end":{}}],"line":275},"47":{"loc":{"start":{"line":282,"column":6},"end":{"line":284,"column":7}},"type":"if","locations":[{"start":{"line":282,"column":6},"end":{"line":284,"column":7}},{"start":{},"end":{}}],"line":282},"48":{"loc":{"start":{"line":282,"column":10},"end":{"line":282,"column":40}},"type":"binary-expr","locations":[{"start":{"line":282,"column":10},"end":{"line":282,"column":23}},{"start":{"line":282,"column":27},"end":{"line":282,"column":40}}],"line":282},"49":{"loc":{"start":{"line":295,"column":4},"end":{"line":295,"column":73}},"type":"if","locations":[{"start":{"line":295,"column":4},"end":{"line":295,"column":73}},{"start":{},"end":{}}],"line":295},"50":{"loc":{"start":{"line":296,"column":4},"end":{"line":296,"column":83}},"type":"if","locations":[{"start":{"line":296,"column":4},"end":{"line":296,"column":83}},{"start":{},"end":{}}],"line":296},"51":{"loc":{"start":{"line":297,"column":4},"end":{"line":297,"column":111}},"type":"if","locations":[{"start":{"line":297,"column":4},"end":{"line":297,"column":111}},{"start":{},"end":{}}],"line":297},"52":{"loc":{"start":{"line":298,"column":4},"end":{"line":298,"column":119}},"type":"if","locations":[{"start":{"line":298,"column":4},"end":{"line":298,"column":119}},{"start":{},"end":{}}],"line":298},"53":{"loc":{"start":{"line":298,"column":22},"end":{"line":298,"column":50}},"type":"binary-expr","locations":[{"start":{"line":298,"column":22},"end":{"line":298,"column":38}},{"start":{"line":298,"column":42},"end":{"line":298,"column":50}}],"line":298},"54":{"loc":{"start":{"line":305,"column":6},"end":{"line":305,"column":93}},"type":"if","locations":[{"start":{"line":305,"column":6},"end":{"line":305,"column":93}},{"start":{},"end":{}}],"line":305},"55":{"loc":{"start":{"line":316,"column":42},"end":{"line":316,"column":79}},"type":"if","locations":[{"start":{"line":316,"column":42},"end":{"line":316,"column":79}},{"start":{"line":316,"column":69},"end":{"line":316,"column":79}}],"line":316},"56":{"loc":{"start":{"line":330,"column":4},"end":{"line":332,"column":5}},"type":"if","locations":[{"start":{"line":330,"column":4},"end":{"line":332,"column":5}},{"start":{},"end":{}}],"line":330},"57":{"loc":{"start":{"line":330,"column":8},"end":{"line":330,"column":63}},"type":"binary-expr","locations":[{"start":{"line":330,"column":8},"end":{"line":330,"column":25}},{"start":{"line":330,"column":29},"end":{"line":330,"column":42}},{"start":{"line":330,"column":46},"end":{"line":330,"column":63}}],"line":330},"58":{"loc":{"start":{"line":333,"column":4},"end":{"line":335,"column":5}},"type":"if","locations":[{"start":{"line":333,"column":4},"end":{"line":335,"column":5}},{"start":{},"end":{}}],"line":333},"59":{"loc":{"start":{"line":336,"column":4},"end":{"line":338,"column":5}},"type":"if","locations":[{"start":{"line":336,"column":4},"end":{"line":338,"column":5}},{"start":{},"end":{}}],"line":336},"60":{"loc":{"start":{"line":341,"column":6},"end":{"line":343,"column":7}},"type":"if","locations":[{"start":{"line":341,"column":6},"end":{"line":343,"column":7}},{"start":{},"end":{}}],"line":341},"61":{"loc":{"start":{"line":345,"column":6},"end":{"line":347,"column":7}},"type":"if","locations":[{"start":{"line":345,"column":6},"end":{"line":347,"column":7}},{"start":{},"end":{}}],"line":345},"62":{"loc":{"start":{"line":364,"column":6},"end":{"line":367,"column":7}},"type":"if","locations":[{"start":{"line":364,"column":6},"end":{"line":367,"column":7}},{"start":{},"end":{}}],"line":364},"63":{"loc":{"start":{"line":364,"column":10},"end":{"line":364,"column":52}},"type":"binary-expr","locations":[{"start":{"line":364,"column":10},"end":{"line":364,"column":15}},{"start":{"line":364,"column":19},"end":{"line":364,"column":52}}],"line":364},"64":{"loc":{"start":{"line":368,"column":6},"end":{"line":371,"column":7}},"type":"if","locations":[{"start":{"line":368,"column":6},"end":{"line":371,"column":7}},{"start":{},"end":{}}],"line":368},"65":{"loc":{"start":{"line":368,"column":10},"end":{"line":368,"column":45}},"type":"binary-expr","locations":[{"start":{"line":368,"column":10},"end":{"line":368,"column":22}},{"start":{"line":368,"column":26},"end":{"line":368,"column":45}}],"line":368},"66":{"loc":{"start":{"line":372,"column":6},"end":{"line":374,"column":7}},"type":"if","locations":[{"start":{"line":372,"column":6},"end":{"line":374,"column":7}},{"start":{},"end":{}}],"line":372},"67":{"loc":{"start":{"line":419,"column":4},"end":{"line":423,"column":5}},"type":"if","locations":[{"start":{"line":419,"column":4},"end":{"line":423,"column":5}},{"start":{"line":421,"column":11},"end":{"line":423,"column":5}}],"line":419},"68":{"loc":{"start":{"line":419,"column":8},"end":{"line":419,"column":41}},"type":"binary-expr","locations":[{"start":{"line":419,"column":8},"end":{"line":419,"column":19}},{"start":{"line":419,"column":23},"end":{"line":419,"column":41}}],"line":419}},"s":{"0":0,"1":0,"2":0,"3":0,"4":0,"5":0,"6":0,"7":0,"8":0,"9":0,"10":0,"11":0,"12":0,"13":0,"14":0,"15":0,"16":0,"17":0,"18":0,"19":0,"20":0,"21":0,"22":0,"23":0,"24":0,"25":0,"26":0,"27":0,"28":0,"29":0,"30":0,"31":0,"32":0,"33":0,"34":0,"35":0,"36":0,"37":0,"38":0,"39":0,"40":0,"41":0,"42":0,"43":0,"44":0,"45":0,"46":0,"47":0,"48":0,"49":0,"50":0,"51":0,"52":0,"53":0,"54":0,"55":0,"56":0,"57":0,"58":0,"59":0,"60":0,"61":0,"62":0,"63":0,"64":0,"65":0,"66":0,"67":0,"68":0,"69":0,"70":0,"71":0,"72":0,"73":0,"74":0,"75":0,"76":0,"77":0,"78":0,"79":0,"80":0,"81":0,"82":0,"83":0,"84":0,"85":0,"86":0,"87":0,"88":0,"89":0,"90":0,"91":0,"92":0,"93":0,"94":0,"95":0,"96":0,"97":0,"98":0,"99":0,"100":0,"101":0,"102":0,"103":0,"104":0,"105":0,"106":0,"107":0,"108":0,"109":0,"110":0,"111":0,"112":0,"113":0,"114":0,"115":0,"116":0,"117":0,"118":0,"119":0,"120":0,"121":0,"122":0,"123":0,"124":0,"125":0,"126":0,"127":0,"128":0,"129":0,"130":0,"131":0,"132":0,"133":0,"134":0,"135":0,"136":0,"137":0,"138":0,"139":0,"140":0,"141":0,"142":0,"143":0,"144":0,"145":0,"146":0,"147":0,"148":0,"149":0,"150":0,"151":0,"152":0,"153":0,"154":0,"155":0,"156":0,"157":0,"158":0,"159":0,"160":0,"161":0,"162":0,"163":0,"164":0,"165":0,"166":0,"167":0,"168":0,"169":0,"170":0,"171":0,"172":0,"173":0,"174":0,"175":0,"176":0,"177":0,"178":0,"179":0,"180":0,"181":0,"182":0,"183":0,"184":0,"185":0,"186":0,"187":0,"188":0,"189":0,"190":0,"191":0,"192":0,"193":0,"194":0,"195":0,"196":0,"197":0,"198":0,"199":0,"200":0,"201":0,"202":0,"203":0,"204":0,"205":0,"206":0,"207":0,"208":0,"209":0,"210":0,"211":0,"212":0,"213":0,"214":0,"215":0,"216":0,"217":0,"218":0,"219":0,"220":0,"221":0,"222":0,"223":0,"224":0,"225":0,"226":0,"227":0,"228":0,"229":0,"230":0,"231":0,"232":0,"233":0,"234":0,"235":0,"236":0,"237":0,"238":0,"239":0,"240":0,"241":0,"242":0,"243":0,"244":0,"245":0,"246":0,"247":0,"248":0,"249":0,"250":0,"251":0,"252":0,"253":0,"254":0,"255":0,"256":0,"257":0,"258":0,"259":0,"260":0,"261":0,"262":0,"263":0,"264":0,"265":0,"266":0,"267":0,"268":0,"269":0,"270":0,"271":0,"272":0,"273":0,"274":0,"275":0},"f":{"0":0,"1":0,"2":0,"3":0,"4":0,"5":0,"6":0,"7":0,"8":0,"9":0,"10":0,"11":0,"12":0,"13":0,"14":0,"15":0,"16":0,"17":0,"18":0,"19":0,"20":0,"21":0,"22":0,"23":0,"24":0,"25":0,"26":0,"27":0,"28":0},"b":{"0":[0,0],"1":[0,0],"2":[0,0],"3":[0,0],"4":[0,0],"5":[0,0],"6":[0,0],"7":[0,0],"8":[0,0],"9":[0,0],"10":[0,0],"11":[0,0],"12":[0,0],"13":[0,0],"14":[0,0],"15":[0,0,0,0],"16":[0,0],"17":[0,0],"18":[0,0],"19":[0,0],"20":[0,0],"21":[0,0],"22":[0,0],"23":[0,0],"24":[0,0],"25":[0,0],"26":[0,0],"27":[0,0],"28":[0,0],"29":[0,0],"30":[0,0],"31":[0,0],"32":[0,0],"33":[0,0],"34":[0,0],"35":[0,0],"36":[0,0],"37":[0,0],"38":[0,0],"39":[0,0,0],"40":[0,0,0],"41":[0,0],"42":[0,0],"43":[0,0],"44":[0,0],"45":[0,0],"46":[0,0],"47":[0,0],"48":[0,0],"49":[0,0],"50":[0,0],"51":[0,0],"52":[0,0],"53":[0,0],"54":[0,0],"55":[0,0],"56":[0,0],"57":[0,0,0],"58":[0,0],"59":[0,0],"60":[0,0],"61":[0,0],"62":[0,0],"63":[0,0],"64":[0,0],"65":[0,0],"66":[0,0],"67":[0,0],"68":[0,0]}}
,"/home/mat/dev/MuscleUpApp-Api/routes/progress.js": {"path":"/home/mat/dev/MuscleUpApp-Api/routes/progress.js","statementMap":{"0":{"start":{"line":1,"column":16},"end":{"line":1,"column":34}},"1":{"start":{"line":2,"column":24},"end":{"line":2,"column":53}},"2":{"start":{"line":3,"column":15},"end":{"line":3,"column":40}},"3":{"start":{"line":4,"column":15},"end":{"line":4,"column":31}},"4":{"start":{"line":6,"column":0},"end":{"line":290,"column":2}},"5":{"start":{"line":8,"column":2},"end":{"line":8,"column":56}},"6":{"start":{"line":8,"column":38},"end":{"line":8,"column":54}},"7":{"start":{"line":11,"column":2},"end":{"line":40,"column":5}},"8":{"start":{"line":12,"column":4},"end":{"line":39,"column":5}},"9":{"start":{"line":13,"column":25},"end":{"line":16,"column":7}},"10":{"start":{"line":17,"column":19},"end":{"line":17,"column":37}},"11":{"start":{"line":18,"column":6},"end":{"line":20,"column":7}},"12":{"start":{"line":19,"column":8},"end":{"line":19,"column":92}},"13":{"start":{"line":21,"column":26},"end":{"line":24,"column":13}},"14":{"start":{"line":25,"column":25},"end":{"line":29,"column":13}},"15":{"start":{"line":30,"column":28},"end":{"line":33,"column":20}},"16":{"start":{"line":34,"column":21},"end":{"line":34,"column":62}},"17":{"start":{"line":35,"column":6},"end":{"line":35,"column":98}},"18":{"start":{"line":37,"column":6},"end":{"line":37,"column":45}},"19":{"start":{"line":38,"column":6},"end":{"line":38,"column":54}},"20":{"start":{"line":43,"column":2},"end":{"line":60,"column":5}},"21":{"start":{"line":44,"column":18},"end":{"line":44,"column":46}},"22":{"start":{"line":45,"column":4},"end":{"line":45,"column":111}},"23":{"start":{"line":45,"column":55},"end":{"line":45,"column":111}},"24":{"start":{"line":46,"column":4},"end":{"line":59,"column":5}},"25":{"start":{"line":47,"column":19},"end":{"line":50,"column":13}},"26":{"start":{"line":51,"column":24},"end":{"line":54,"column":24}},"27":{"start":{"line":55,"column":6},"end":{"line":55,"column":36}},"28":{"start":{"line":57,"column":6},"end":{"line":57,"column":46}},"29":{"start":{"line":58,"column":6},"end":{"line":58,"column":54}},"30":{"start":{"line":63,"column":2},"end":{"line":79,"column":5}},"31":{"start":{"line":64,"column":96},"end":{"line":64,"column":104}},"32":{"start":{"line":65,"column":4},"end":{"line":65,"column":107}},"33":{"start":{"line":65,"column":33},"end":{"line":65,"column":107}},"34":{"start":{"line":66,"column":21},"end":{"line":66,"column":40}},"35":{"start":{"line":67,"column":4},"end":{"line":67,"column":124}},"36":{"start":{"line":67,"column":64},"end":{"line":67,"column":124}},"37":{"start":{"line":68,"column":4},"end":{"line":78,"column":5}},"38":{"start":{"line":69,"column":21},"end":{"line":73,"column":7}},"39":{"start":{"line":74,"column":6},"end":{"line":74,"column":52}},"40":{"start":{"line":76,"column":6},"end":{"line":76,"column":39}},"41":{"start":{"line":77,"column":6},"end":{"line":77,"column":56}},"42":{"start":{"line":82,"column":2},"end":{"line":97,"column":5}},"43":{"start":{"line":83,"column":16},"end":{"line":83,"column":44}},"44":{"start":{"line":84,"column":4},"end":{"line":84,"column":105}},"45":{"start":{"line":84,"column":49},"end":{"line":84,"column":105}},"46":{"start":{"line":85,"column":4},"end":{"line":96,"column":5}},"47":{"start":{"line":86,"column":6},"end":{"line":89,"column":8}},"48":{"start":{"line":90,"column":24},"end":{"line":90,"column":44}},"49":{"start":{"line":91,"column":6},"end":{"line":91,"column":126}},"50":{"start":{"line":92,"column":6},"end":{"line":92,"column":40}},"51":{"start":{"line":94,"column":6},"end":{"line":94,"column":44}},"52":{"start":{"line":95,"column":6},"end":{"line":95,"column":56}},"53":{"start":{"line":100,"column":2},"end":{"line":274,"column":5}},"54":{"start":{"line":101,"column":4},"end":{"line":273,"column":5}},"55":{"start":{"line":102,"column":21},"end":{"line":102,"column":39}},"56":{"start":{"line":104,"column":25},"end":{"line":107,"column":7}},"57":{"start":{"line":108,"column":19},"end":{"line":108,"column":37}},"58":{"start":{"line":109,"column":6},"end":{"line":111,"column":7}},"59":{"start":{"line":110,"column":8},"end":{"line":110,"column":92}},"60":{"start":{"line":122,"column":10},"end":{"line":190,"column":8}},"61":{"start":{"line":193,"column":26},"end":{"line":197,"column":8}},"62":{"start":{"line":194,"column":18},"end":{"line":194,"column":42}},"63":{"start":{"line":195,"column":8},"end":{"line":195,"column":31}},"64":{"start":{"line":196,"column":8},"end":{"line":196,"column":17}},"65":{"start":{"line":199,"column":26},"end":{"line":199,"column":27}},"66":{"start":{"line":200,"column":26},"end":{"line":200,"column":27}},"67":{"start":{"line":201,"column":6},"end":{"line":225,"column":7}},"68":{"start":{"line":203,"column":23},"end":{"line":203,"column":33}},"69":{"start":{"line":204,"column":8},"end":{"line":204,"column":38}},"70":{"start":{"line":205,"column":8},"end":{"line":210,"column":9}},"71":{"start":{"line":206,"column":10},"end":{"line":209,"column":23}},"72":{"start":{"line":207,"column":12},"end":{"line":207,"column":28}},"73":{"start":{"line":208,"column":12},"end":{"line":208,"column":25}},"74":{"start":{"line":209,"column":17},"end":{"line":209,"column":23}},"75":{"start":{"line":213,"column":30},"end":{"line":213,"column":56}},"76":{"start":{"line":214,"column":24},"end":{"line":214,"column":25}},"77":{"start":{"line":215,"column":8},"end":{"line":215,"column":26}},"78":{"start":{"line":216,"column":8},"end":{"line":224,"column":9}},"79":{"start":{"line":216,"column":21},"end":{"line":216,"column":22}},"80":{"start":{"line":217,"column":23},"end":{"line":217,"column":87}},"81":{"start":{"line":218,"column":10},"end":{"line":223,"column":11}},"82":{"start":{"line":219,"column":12},"end":{"line":219,"column":24}},"83":{"start":{"line":220,"column":12},"end":{"line":220,"column":69}},"84":{"start":{"line":220,"column":43},"end":{"line":220,"column":69}},"85":{"start":{"line":222,"column":12},"end":{"line":222,"column":26}},"86":{"start":{"line":228,"column":26},"end":{"line":228,"column":48}},"87":{"start":{"line":229,"column":26},"end":{"line":229,"column":41}},"88":{"start":{"line":230,"column":28},"end":{"line":230,"column":30}},"89":{"start":{"line":231,"column":6},"end":{"line":242,"column":7}},"90":{"start":{"line":231,"column":20},"end":{"line":231,"column":21}},"91":{"start":{"line":232,"column":21},"end":{"line":232,"column":58}},"92":{"start":{"line":232,"column":43},"end":{"line":232,"column":57}},"93":{"start":{"line":233,"column":25},"end":{"line":233,"column":66}},"94":{"start":{"line":233,"column":47},"end":{"line":233,"column":65}},"95":{"start":{"line":234,"column":26},"end":{"line":236,"column":74}},"96":{"start":{"line":237,"column":8},"end":{"line":241,"column":11}},"97":{"start":{"line":245,"column":32},"end":{"line":248,"column":9}},"98":{"start":{"line":245,"column":73},"end":{"line":248,"column":7}},"99":{"start":{"line":250,"column":21},"end":{"line":250,"column":41}},"100":{"start":{"line":251,"column":30},"end":{"line":251,"column":112}},"101":{"start":{"line":253,"column":6},"end":{"line":269,"column":9}},"102":{"start":{"line":271,"column":6},"end":{"line":271,"column":51}},"103":{"start":{"line":272,"column":6},"end":{"line":272,"column":54}},"104":{"start":{"line":277,"column":2},"end":{"line":287,"column":5}},"105":{"start":{"line":278,"column":4},"end":{"line":286,"column":5}},"106":{"start":{"line":279,"column":21},"end":{"line":279,"column":133}},"107":{"start":{"line":280,"column":6},"end":{"line":282,"column":7}},"108":{"start":{"line":281,"column":8},"end":{"line":281,"column":64}},"109":{"start":{"line":283,"column":6},"end":{"line":283,"column":29}},"110":{"start":{"line":285,"column":6},"end":{"line":285,"column":48}},"111":{"start":{"line":289,"column":2},"end":{"line":289,"column":16}},"112":{"start":{"line":293,"column":17},"end":{"line":296,"column":3}},"113":{"start":{"line":297,"column":2},"end":{"line":297,"column":36}},"114":{"start":{"line":297,"column":27},"end":{"line":297,"column":36}},"115":{"start":{"line":298,"column":15},"end":{"line":298,"column":16}},"116":{"start":{"line":299,"column":14},"end":{"line":299,"column":24}},"117":{"start":{"line":300,"column":17},"end":{"line":300,"column":94}},"118":{"start":{"line":301,"column":2},"end":{"line":309,"column":3}},"119":{"start":{"line":302,"column":14},"end":{"line":302,"column":59}},"120":{"start":{"line":303,"column":19},"end":{"line":303,"column":80}},"121":{"start":{"line":304,"column":24},"end":{"line":304,"column":42}},"122":{"start":{"line":305,"column":4},"end":{"line":308,"column":17}},"123":{"start":{"line":306,"column":6},"end":{"line":306,"column":15}},"124":{"start":{"line":307,"column":6},"end":{"line":307,"column":34}},"125":{"start":{"line":308,"column":11},"end":{"line":308,"column":17}},"126":{"start":{"line":310,"column":2},"end":{"line":310,"column":16}}},"fnMap":{"0":{"name":"(anonymous_0)","decl":{"start":{"line":6,"column":17},"end":{"line":6,"column":18}},"loc":{"start":{"line":6,"column":33},"end":{"line":290,"column":1}},"line":6},"1":{"name":"(anonymous_1)","decl":{"start":{"line":8,"column":24},"end":{"line":8,"column":25}},"loc":{"start":{"line":8,"column":38},"end":{"line":8,"column":54}},"line":8},"2":{"name":"(anonymous_2)","decl":{"start":{"line":11,"column":40},"end":{"line":11,"column":41}},"loc":{"start":{"line":11,"column":60},"end":{"line":40,"column":3}},"line":11},"3":{"name":"(anonymous_3)","decl":{"start":{"line":43,"column":47},"end":{"line":43,"column":48}},"loc":{"start":{"line":43,"column":67},"end":{"line":60,"column":3}},"line":43},"4":{"name":"(anonymous_4)","decl":{"start":{"line":63,"column":35},"end":{"line":63,"column":36}},"loc":{"start":{"line":63,"column":55},"end":{"line":79,"column":3}},"line":63},"5":{"name":"(anonymous_5)","decl":{"start":{"line":82,"column":40},"end":{"line":82,"column":41}},"loc":{"start":{"line":82,"column":60},"end":{"line":97,"column":3}},"line":82},"6":{"name":"(anonymous_6)","decl":{"start":{"line":100,"column":46},"end":{"line":100,"column":47}},"loc":{"start":{"line":100,"column":66},"end":{"line":274,"column":3}},"line":100},"7":{"name":"(anonymous_7)","decl":{"start":{"line":193,"column":53},"end":{"line":193,"column":54}},"loc":{"start":{"line":193,"column":58},"end":{"line":197,"column":7}},"line":193},"8":{"name":"(anonymous_8)","decl":{"start":{"line":232,"column":38},"end":{"line":232,"column":39}},"loc":{"start":{"line":232,"column":43},"end":{"line":232,"column":57}},"line":232},"9":{"name":"(anonymous_9)","decl":{"start":{"line":233,"column":42},"end":{"line":233,"column":43}},"loc":{"start":{"line":233,"column":47},"end":{"line":233,"column":65}},"line":233},"10":{"name":"(anonymous_10)","decl":{"start":{"line":245,"column":65},"end":{"line":245,"column":66}},"loc":{"start":{"line":245,"column":73},"end":{"line":248,"column":7}},"line":245},"11":{"name":"(anonymous_11)","decl":{"start":{"line":277,"column":41},"end":{"line":277,"column":42}},"loc":{"start":{"line":277,"column":61},"end":{"line":287,"column":3}},"line":277},"12":{"name":"getStreak","decl":{"start":{"line":292,"column":15},"end":{"line":292,"column":24}},"loc":{"start":{"line":292,"column":39},"end":{"line":311,"column":1}},"line":292}},"branchMap":{"0":{"loc":{"start":{"line":18,"column":6},"end":{"line":20,"column":7}},"type":"if","locations":[{"start":{"line":18,"column":6},"end":{"line":20,"column":7}},{"start":{},"end":{}}],"line":18},"1":{"loc":{"start":{"line":45,"column":4},"end":{"line":45,"column":111}},"type":"if","locations":[{"start":{"line":45,"column":4},"end":{"line":45,"column":111}},{"start":{},"end":{}}],"line":45},"2":{"loc":{"start":{"line":45,"column":8},"end":{"line":45,"column":53}},"type":"binary-expr","locations":[{"start":{"line":45,"column":8},"end":{"line":45,"column":27}},{"start":{"line":45,"column":31},"end":{"line":45,"column":40}},{"start":{"line":45,"column":44},"end":{"line":45,"column":53}}],"line":45},"3":{"loc":{"start":{"line":51,"column":24},"end":{"line":54,"column":24}},"type":"binary-expr","locations":[{"start":{"line":51,"column":24},"end":{"line":54,"column":16}},{"start":{"line":54,"column":20},"end":{"line":54,"column":24}}],"line":51},"4":{"loc":{"start":{"line":65,"column":4},"end":{"line":65,"column":107}},"type":"if","locations":[{"start":{"line":65,"column":4},"end":{"line":65,"column":107}},{"start":{},"end":{}}],"line":65},"5":{"loc":{"start":{"line":65,"column":8},"end":{"line":65,"column":31}},"type":"binary-expr","locations":[{"start":{"line":65,"column":8},"end":{"line":65,"column":14}},{"start":{"line":65,"column":18},"end":{"line":65,"column":31}}],"line":65},"6":{"loc":{"start":{"line":67,"column":4},"end":{"line":67,"column":124}},"type":"if","locations":[{"start":{"line":67,"column":4},"end":{"line":67,"column":124}},{"start":{},"end":{}}],"line":67},"7":{"loc":{"start":{"line":67,"column":8},"end":{"line":67,"column":62}},"type":"binary-expr","locations":[{"start":{"line":67,"column":8},"end":{"line":67,"column":30}},{"start":{"line":67,"column":34},"end":{"line":67,"column":46}},{"start":{"line":67,"column":50},"end":{"line":67,"column":62}}],"line":67},"8":{"loc":{"start":{"line":72,"column":53},"end":{"line":72,"column":72}},"type":"binary-expr","locations":[{"start":{"line":72,"column":53},"end":{"line":72,"column":67}},{"start":{"line":72,"column":71},"end":{"line":72,"column":72}}],"line":72},"9":{"loc":{"start":{"line":72,"column":74},"end":{"line":72,"column":96}},"type":"binary-expr","locations":[{"start":{"line":72,"column":74},"end":{"line":72,"column":90}},{"start":{"line":72,"column":94},"end":{"line":72,"column":96}}],"line":72},"10":{"loc":{"start":{"line":72,"column":98},"end":{"line":72,"column":123}},"type":"binary-expr","locations":[{"start":{"line":72,"column":98},"end":{"line":72,"column":115}},{"start":{"line":72,"column":119},"end":{"line":72,"column":123}}],"line":72},"11":{"loc":{"start":{"line":72,"column":125},"end":{"line":72,"column":136}},"type":"binary-expr","locations":[{"start":{"line":72,"column":125},"end":{"line":72,"column":130}},{"start":{"line":72,"column":134},"end":{"line":72,"column":136}}],"line":72},"12":{"loc":{"start":{"line":84,"column":4},"end":{"line":84,"column":105}},"type":"if","locations":[{"start":{"line":84,"column":4},"end":{"line":84,"column":105}},{"start":{},"end":{}}],"line":84},"13":{"loc":{"start":{"line":84,"column":8},"end":{"line":84,"column":47}},"type":"binary-expr","locations":[{"start":{"line":84,"column":8},"end":{"line":84,"column":25}},{"start":{"line":84,"column":29},"end":{"line":84,"column":36}},{"start":{"line":84,"column":40},"end":{"line":84,"column":47}}],"line":84},"14":{"loc":{"start":{"line":109,"column":6},"end":{"line":111,"column":7}},"type":"if","locations":[{"start":{"line":109,"column":6},"end":{"line":111,"column":7}},{"start":{},"end":{}}],"line":109},"15":{"loc":{"start":{"line":201,"column":6},"end":{"line":225,"column":7}},"type":"if","locations":[{"start":{"line":201,"column":6},"end":{"line":225,"column":7}},{"start":{},"end":{}}],"line":201},"16":{"loc":{"start":{"line":206,"column":10},"end":{"line":209,"column":23}},"type":"if","locations":[{"start":{"line":206,"column":10},"end":{"line":209,"column":23}},{"start":{"line":209,"column":17},"end":{"line":209,"column":23}}],"line":206},"17":{"loc":{"start":{"line":218,"column":10},"end":{"line":223,"column":11}},"type":"if","locations":[{"start":{"line":218,"column":10},"end":{"line":223,"column":11}},{"start":{"line":221,"column":17},"end":{"line":223,"column":11}}],"line":218},"18":{"loc":{"start":{"line":220,"column":12},"end":{"line":220,"column":69}},"type":"if","locations":[{"start":{"line":220,"column":12},"end":{"line":220,"column":69}},{"start":{},"end":{}}],"line":220},"19":{"loc":{"start":{"line":234,"column":26},"end":{"line":236,"column":74}},"type":"cond-expr","locations":[{"start":{"line":235,"column":12},"end":{"line":235,"column":44}},{"start":{"line":236,"column":13},"end":{"line":236,"column":73}}],"line":234},"20":{"loc":{"start":{"line":236,"column":13},"end":{"line":236,"column":73}},"type":"cond-expr","locations":[{"start":{"line":236,"column":24},"end":{"line":236,"column":66}},{"start":{"line":236,"column":69},"end":{"line":236,"column":73}}],"line":236},"21":{"loc":{"start":{"line":240,"column":24},"end":{"line":240,"column":76}},"type":"cond-expr","locations":[{"start":{"line":240,"column":31},"end":{"line":240,"column":69}},{"start":{"line":240,"column":72},"end":{"line":240,"column":76}}],"line":240},"22":{"loc":{"start":{"line":280,"column":6},"end":{"line":282,"column":7}},"type":"if","locations":[{"start":{"line":280,"column":6},"end":{"line":282,"column":7}},{"start":{},"end":{}}],"line":280},"23":{"loc":{"start":{"line":297,"column":2},"end":{"line":297,"column":36}},"type":"if","locations":[{"start":{"line":297,"column":2},"end":{"line":297,"column":36}},{"start":{},"end":{}}],"line":297},"24":{"loc":{"start":{"line":305,"column":4},"end":{"line":308,"column":17}},"type":"if","locations":[{"start":{"line":305,"column":4},"end":{"line":308,"column":17}},{"start":{"line":308,"column":11},"end":{"line":308,"column":17}}],"line":305}},"s":{"0":0,"1":0,"2":0,"3":0,"4":0,"5":0,"6":0,"7":0,"8":0,"9":0,"10":0,"11":0,"12":0,"13":0,"14":0,"15":0,"16":0,"17":0,"18":0,"19":0,"20":0,"21":0,"22":0,"23":0,"24":0,"25":0,"26":0,"27":0,"28":0,"29":0,"30":0,"31":0,"32":0,"33":0,"34":0,"35":0,"36":0,"37":0,"38":0,"39":0,"40":0,"41":0,"42":0,"43":0,"44":0,"45":0,"46":0,"47":0,"48":0,"49":0,"50":0,"51":0,"52":0,"53":0,"54":0,"55":0,"56":0,"57":0,"58":0,"59":0,"60":0,"61":0,"62":0,"63":0,"64":0,"65":0,"66":0,"67":0,"68":0,"69":0,"70":0,"71":0,"72":0,"73":0,"74":0,"75":0,"76":0,"77":0,"78":0,"79":0,"80":0,"81":0,"82":0,"83":0,"84":0,"85":0,"86":0,"87":0,"88":0,"89":0,"90":0,"91":0,"92":0,"93":0,"94":0,"95":0,"96":0,"97":0,"98":0,"99":0,"100":0,"101":0,"102":0,"103":0,"104":0,"105":0,"106":0,"107":0,"108":0,"109":0,"110":0,"111":0,"112":0,"113":0,"114":0,"115":0,"116":0,"117":0,"118":0,"119":0,"120":0,"121":0,"122":0,"123":0,"124":0,"125":0,"126":0},"f":{"0":0,"1":0,"2":0,"3":0,"4":0,"5":0,"6":0,"7":0,"8":0,"9":0,"10":0,"11":0,"12":0},"b":{"0":[0,0],"1":[0,0],"2":[0,0,0],"3":[0,0],"4":[0,0],"5":[0,0],"6":[0,0],"7":[0,0,0],"8":[0,0],"9":[0,0],"10":[0,0],"11":[0,0],"12":[0,0],"13":[0,0,0],"14":[0,0],"15":[0,0],"16":[0,0],"17":[0,0],"18":[0,0],"19":[0,0],"20":[0,0],"21":[0,0],"22":[0,0],"23":[0,0],"24":[0,0]}}
,"/home/mat/dev/MuscleUpApp-Api/routes/stripe.js": {"path":"/home/mat/dev/MuscleUpApp-Api/routes/stripe.js","statementMap":{"0":{"start":{"line":1,"column":16},"end":{"line":1,"column":34}},"1":{"start":{"line":2,"column":18},"end":{"line":2,"column":47}},"2":{"start":{"line":3,"column":15},"end":{"line":3,"column":32}},"3":{"start":{"line":4,"column":23},"end":{"line":4,"column":51}},"4":{"start":{"line":6,"column":15},"end":{"line":6,"column":95}},"5":{"start":{"line":8,"column":25},"end":{"line":14,"column":2}},"6":{"start":{"line":16,"column":0},"end":{"line":156,"column":2}},"7":{"start":{"line":17,"column":17},"end":{"line":17,"column":33}},"8":{"start":{"line":20,"column":2},"end":{"line":62,"column":5}},"9":{"start":{"line":21,"column":4},"end":{"line":23,"column":5}},"10":{"start":{"line":22,"column":6},"end":{"line":22,"column":94}},"11":{"start":{"line":24,"column":23},"end":{"line":24,"column":77}},"12":{"start":{"line":25,"column":22},"end":{"line":25,"column":74}},"13":{"start":{"line":26,"column":4},"end":{"line":30,"column":5}},"14":{"start":{"line":27,"column":6},"end":{"line":29,"column":9}},"15":{"start":{"line":31,"column":4},"end":{"line":61,"column":5}},"16":{"start":{"line":32,"column":21},"end":{"line":37,"column":7}},"17":{"start":{"line":39,"column":6},"end":{"line":54,"column":7}},"18":{"start":{"line":40,"column":8},"end":{"line":40,"column":84}},"19":{"start":{"line":43,"column":23},"end":{"line":43,"column":69}},"20":{"start":{"line":44,"column":8},"end":{"line":53,"column":11}},"21":{"start":{"line":56,"column":22},"end":{"line":56,"column":67}},"22":{"start":{"line":57,"column":6},"end":{"line":57,"column":37}},"23":{"start":{"line":59,"column":6},"end":{"line":59,"column":66}},"24":{"start":{"line":60,"column":6},"end":{"line":60,"column":76}},"25":{"start":{"line":65,"column":2},"end":{"line":119,"column":5}},"26":{"start":{"line":66,"column":4},"end":{"line":68,"column":5}},"27":{"start":{"line":67,"column":6},"end":{"line":67,"column":94}},"28":{"start":{"line":69,"column":73},"end":{"line":69,"column":81}},"29":{"start":{"line":70,"column":4},"end":{"line":72,"column":5}},"30":{"start":{"line":71,"column":6},"end":{"line":71,"column":72}},"31":{"start":{"line":73,"column":4},"end":{"line":118,"column":5}},"32":{"start":{"line":74,"column":23},"end":{"line":77,"column":7}},"33":{"start":{"line":78,"column":6},"end":{"line":82,"column":7}},"34":{"start":{"line":79,"column":8},"end":{"line":81,"column":11}},"35":{"start":{"line":84,"column":22},"end":{"line":84,"column":91}},"36":{"start":{"line":85,"column":6},"end":{"line":87,"column":7}},"37":{"start":{"line":86,"column":8},"end":{"line":86,"column":90}},"38":{"start":{"line":89,"column":24},"end":{"line":89,"column":90}},"39":{"start":{"line":90,"column":6},"end":{"line":92,"column":7}},"40":{"start":{"line":91,"column":8},"end":{"line":91,"column":92}},"41":{"start":{"line":93,"column":21},"end":{"line":97,"column":8}},"42":{"start":{"line":99,"column":6},"end":{"line":102,"column":8}},"43":{"start":{"line":104,"column":6},"end":{"line":108,"column":9}},"44":{"start":{"line":110,"column":6},"end":{"line":112,"column":7}},"45":{"start":{"line":111,"column":8},"end":{"line":111,"column":60}},"46":{"start":{"line":113,"column":6},"end":{"line":115,"column":7}},"47":{"start":{"line":114,"column":8},"end":{"line":114,"column":70}},"48":{"start":{"line":116,"column":6},"end":{"line":116,"column":58}},"49":{"start":{"line":117,"column":6},"end":{"line":117,"column":63}},"50":{"start":{"line":123,"column":16},"end":{"line":123,"column":47}},"51":{"start":{"line":124,"column":26},"end":{"line":124,"column":59}},"52":{"start":{"line":125,"column":4},"end":{"line":128,"column":5}},"53":{"start":{"line":126,"column":6},"end":{"line":126,"column":85}},"54":{"start":{"line":127,"column":6},"end":{"line":127,"column":72}},"55":{"start":{"line":129,"column":4},"end":{"line":131,"column":5}},"56":{"start":{"line":130,"column":6},"end":{"line":130,"column":71}},"57":{"start":{"line":133,"column":4},"end":{"line":138,"column":5}},"58":{"start":{"line":134,"column":6},"end":{"line":134,"column":75}},"59":{"start":{"line":136,"column":6},"end":{"line":136,"column":82}},"60":{"start":{"line":137,"column":6},"end":{"line":137,"column":67}},"61":{"start":{"line":140,"column":4},"end":{"line":150,"column":5}},"62":{"start":{"line":144,"column":8},"end":{"line":144,"column":14}},"63":{"start":{"line":147,"column":8},"end":{"line":147,"column":14}},"64":{"start":{"line":149,"column":8},"end":{"line":149,"column":14}},"65":{"start":{"line":152,"column":4},"end":{"line":152,"column":33}},"66":{"start":{"line":155,"column":2},"end":{"line":155,"column":36}}},"fnMap":{"0":{"name":"(anonymous_0)","decl":{"start":{"line":16,"column":17},"end":{"line":16,"column":18}},"loc":{"start":{"line":16,"column":33},"end":{"line":156,"column":1}},"line":16},"1":{"name":"(anonymous_1)","decl":{"start":{"line":20,"column":67},"end":{"line":20,"column":68}},"loc":{"start":{"line":20,"column":87},"end":{"line":62,"column":3}},"line":20},"2":{"name":"(anonymous_2)","decl":{"start":{"line":65,"column":59},"end":{"line":65,"column":60}},"loc":{"start":{"line":65,"column":79},"end":{"line":119,"column":3}},"line":65},"3":{"name":"webhookHandler","decl":{"start":{"line":122,"column":11},"end":{"line":122,"column":25}},"loc":{"start":{"line":122,"column":36},"end":{"line":153,"column":3}},"line":122}},"branchMap":{"0":{"loc":{"start":{"line":6,"column":15},"end":{"line":6,"column":95}},"type":"cond-expr","locations":[{"start":{"line":6,"column":47},"end":{"line":6,"column":88}},{"start":{"line":6,"column":91},"end":{"line":6,"column":95}}],"line":6},"1":{"loc":{"start":{"line":21,"column":4},"end":{"line":23,"column":5}},"type":"if","locations":[{"start":{"line":21,"column":4},"end":{"line":23,"column":5}},{"start":{},"end":{}}],"line":21},"2":{"loc":{"start":{"line":24,"column":23},"end":{"line":24,"column":77}},"type":"binary-expr","locations":[{"start":{"line":24,"column":23},"end":{"line":24,"column":43}},{"start":{"line":24,"column":47},"end":{"line":24,"column":77}}],"line":24},"3":{"loc":{"start":{"line":25,"column":22},"end":{"line":25,"column":74}},"type":"binary-expr","locations":[{"start":{"line":25,"column":22},"end":{"line":25,"column":41}},{"start":{"line":25,"column":45},"end":{"line":25,"column":74}}],"line":25},"4":{"loc":{"start":{"line":26,"column":4},"end":{"line":30,"column":5}},"type":"if","locations":[{"start":{"line":26,"column":4},"end":{"line":30,"column":5}},{"start":{},"end":{}}],"line":26},"5":{"loc":{"start":{"line":26,"column":8},"end":{"line":26,"column":68}},"type":"binary-expr","locations":[{"start":{"line":26,"column":8},"end":{"line":26,"column":19}},{"start":{"line":26,"column":23},"end":{"line":26,"column":68}}],"line":26},"6":{"loc":{"start":{"line":35,"column":20},"end":{"line":35,"column":63}},"type":"binary-expr","locations":[{"start":{"line":35,"column":20},"end":{"line":35,"column":29}},{"start":{"line":35,"column":33},"end":{"line":35,"column":63}}],"line":35},"7":{"loc":{"start":{"line":39,"column":6},"end":{"line":54,"column":7}},"type":"if","locations":[{"start":{"line":39,"column":6},"end":{"line":54,"column":7}},{"start":{"line":41,"column":13},"end":{"line":54,"column":7}}],"line":39},"8":{"loc":{"start":{"line":43,"column":23},"end":{"line":43,"column":69}},"type":"binary-expr","locations":[{"start":{"line":43,"column":23},"end":{"line":43,"column":62}},{"start":{"line":43,"column":66},"end":{"line":43,"column":69}}],"line":43},"9":{"loc":{"start":{"line":46,"column":22},"end":{"line":46,"column":58}},"type":"binary-expr","locations":[{"start":{"line":46,"column":22},"end":{"line":46,"column":49}},{"start":{"line":46,"column":53},"end":{"line":46,"column":58}}],"line":46},"10":{"loc":{"start":{"line":48,"column":20},"end":{"line":48,"column":81}},"type":"binary-expr","locations":[{"start":{"line":48,"column":20},"end":{"line":48,"column":51}},{"start":{"line":48,"column":55},"end":{"line":48,"column":81}}],"line":48},"11":{"loc":{"start":{"line":66,"column":4},"end":{"line":68,"column":5}},"type":"if","locations":[{"start":{"line":66,"column":4},"end":{"line":68,"column":5}},{"start":{},"end":{}}],"line":66},"12":{"loc":{"start":{"line":70,"column":4},"end":{"line":72,"column":5}},"type":"if","locations":[{"start":{"line":70,"column":4},"end":{"line":72,"column":5}},{"start":{},"end":{}}],"line":70},"13":{"loc":{"start":{"line":70,"column":8},"end":{"line":70,"column":52}},"type":"binary-expr","locations":[{"start":{"line":70,"column":8},"end":{"line":70,"column":19}},{"start":{"line":70,"column":23},"end":{"line":70,"column":52}}],"line":70},"14":{"loc":{"start":{"line":78,"column":6},"end":{"line":82,"column":7}},"type":"if","locations":[{"start":{"line":78,"column":6},"end":{"line":82,"column":7}},{"start":{},"end":{}}],"line":78},"15":{"loc":{"start":{"line":85,"column":6},"end":{"line":87,"column":7}},"type":"if","locations":[{"start":{"line":85,"column":6},"end":{"line":87,"column":7}},{"start":{},"end":{}}],"line":85},"16":{"loc":{"start":{"line":89,"column":24},"end":{"line":89,"column":90}},"type":"binary-expr","locations":[{"start":{"line":89,"column":24},"end":{"line":89,"column":29}},{"start":{"line":89,"column":33},"end":{"line":89,"column":55}},{"start":{"line":89,"column":59},"end":{"line":89,"column":90}}],"line":89},"17":{"loc":{"start":{"line":90,"column":6},"end":{"line":92,"column":7}},"type":"if","locations":[{"start":{"line":90,"column":6},"end":{"line":92,"column":7}},{"start":{},"end":{}}],"line":90},"18":{"loc":{"start":{"line":90,"column":10},"end":{"line":90,"column":42}},"type":"binary-expr","locations":[{"start":{"line":90,"column":10},"end":{"line":90,"column":20}},{"start":{"line":90,"column":24},"end":{"line":90,"column":42}}],"line":90},"19":{"loc":{"start":{"line":95,"column":14},"end":{"line":95,"column":34}},"type":"binary-expr","locations":[{"start":{"line":95,"column":14},"end":{"line":95,"column":18}},{"start":{"line":95,"column":22},"end":{"line":95,"column":34}}],"line":95},"20":{"loc":{"start":{"line":104,"column":17},"end":{"line":104,"column":43}},"type":"cond-expr","locations":[{"start":{"line":104,"column":34},"end":{"line":104,"column":37}},{"start":{"line":104,"column":40},"end":{"line":104,"column":43}}],"line":104},"21":{"loc":{"start":{"line":110,"column":6},"end":{"line":112,"column":7}},"type":"if","locations":[{"start":{"line":110,"column":6},"end":{"line":112,"column":7}},{"start":{},"end":{}}],"line":110},"22":{"loc":{"start":{"line":110,"column":10},"end":{"line":110,"column":72}},"type":"binary-expr","locations":[{"start":{"line":110,"column":10},"end":{"line":110,"column":21}},{"start":{"line":110,"column":25},"end":{"line":110,"column":72}}],"line":110},"23":{"loc":{"start":{"line":113,"column":6},"end":{"line":115,"column":7}},"type":"if","locations":[{"start":{"line":113,"column":6},"end":{"line":115,"column":7}},{"start":{},"end":{}}],"line":113},"24":{"loc":{"start":{"line":125,"column":4},"end":{"line":128,"column":5}},"type":"if","locations":[{"start":{"line":125,"column":4},"end":{"line":128,"column":5}},{"start":{},"end":{}}],"line":125},"25":{"loc":{"start":{"line":129,"column":4},"end":{"line":131,"column":5}},"type":"if","locations":[{"start":{"line":129,"column":4},"end":{"line":131,"column":5}},{"start":{},"end":{}}],"line":129},"26":{"loc":{"start":{"line":140,"column":4},"end":{"line":150,"column":5}},"type":"switch","locations":[{"start":{"line":141,"column":6},"end":{"line":141,"column":40}},{"start":{"line":142,"column":6},"end":{"line":144,"column":14}},{"start":{"line":145,"column":6},"end":{"line":147,"column":14}},{"start":{"line":148,"column":6},"end":{"line":149,"column":14}}],"line":140}},"s":{"0":0,"1":0,"2":0,"3":0,"4":0,"5":0,"6":0,"7":0,"8":0,"9":0,"10":0,"11":0,"12":0,"13":0,"14":0,"15":0,"16":0,"17":0,"18":0,"19":0,"20":0,"21":0,"22":0,"23":0,"24":0,"25":0,"26":0,"27":0,"28":0,"29":0,"30":0,"31":0,"32":0,"33":0,"34":0,"35":0,"36":0,"37":0,"38":0,"39":0,"40":0,"41":0,"42":0,"43":0,"44":0,"45":0,"46":0,"47":0,"48":0,"49":0,"50":0,"51":0,"52":0,"53":0,"54":0,"55":0,"56":0,"57":0,"58":0,"59":0,"60":0,"61":0,"62":0,"63":0,"64":0,"65":0,"66":0},"f":{"0":0,"1":0,"2":0,"3":0},"b":{"0":[0,0],"1":[0,0],"2":[0,0],"3":[0,0],"4":[0,0],"5":[0,0],"6":[0,0],"7":[0,0],"8":[0,0],"9":[0,0],"10":[0,0],"11":[0,0],"12":[0,0],"13":[0,0],"14":[0,0],"15":[0,0],"16":[0,0,0],"17":[0,0],"18":[0,0],"19":[0,0],"20":[0,0],"21":[0,0],"22":[0,0],"23":[0,0],"24":[0,0],"25":[0,0],"26":[0,0,0,0]}}
}
