{"/tmp/muscleup-api/server.js": {"path":"/tmp/muscleup-api/server.js","statementMap":{"0":{"start":{"line":1,"column":0},"end":{"line":1,"column":27}},"1":{"start":{"line":2,"column":16},"end":{"line":2,"column":34}},"2":{"start":{"line":3,"column":16},"end":{"line":3,"column":42}},"3":{"start":{"line":4,"column":18},"end":{"line":4,"column":55}},"4":{"start":{"line":5,"column":17},"end":{"line":5,"column":30}},"5":{"start":{"line":6,"column":13},"end":{"line":6,"column":28}},"6":{"start":{"line":7,"column":13},"end":{"line":7,"column":28}},"7":{"start":{"line":8,"column":11},"end":{"line":8,"column":24}},"8":{"start":{"line":10,"column":21},"end":{"line":10,"column":58}},"9":{"start":{"line":11,"column":0},"end":{"line":14,"column":1}},"10":{"start":{"line":12,"column":2},"end":{"line":12,"column":68}},"11":{"start":{"line":13,"column":2},"end":{"line":13,"column":18}},"12":{"start":{"line":16,"column":12},"end":{"line":16,"column":21}},"13":{"start":{"line":17,"column":13},"end":{"line":17,"column":37}},"14":{"start":{"line":20,"column":13},"end":{"line":23,"column":2}},"15":{"start":{"line":26,"column":0},"end":{"line":34,"column":5}},"16":{"start":{"line":27,"column":2},"end":{"line":33,"column":3}},"17":{"start":{"line":28,"column":19},"end":{"line":28,"column":84}},"18":{"start":{"line":29,"column":4},"end":{"line":29,"column":29}},"19":{"start":{"line":30,"column":4},"end":{"line":30,"column":41}},"20":{"start":{"line":32,"column":4},"end":{"line":32,"column":55}},"21":{"start":{"line":37,"column":0},"end":{"line":45,"column":5}},"22":{"start":{"line":38,"column":20},"end":{"line":38,"column":77}},"23":{"start":{"line":39,"column":21},"end":{"line":39,"column":85}},"24":{"start":{"line":40,"column":2},"end":{"line":44,"column":3}},"25":{"start":{"line":41,"column":4},"end":{"line":43,"column":6}},"26":{"start":{"line":48,"column":24},"end":{"line":48,"column":91}},"27":{"start":{"line":49,"column":0},"end":{"line":49,"column":26}},"28":{"start":{"line":50,"column":0},"end":{"line":57,"column":4}},"29":{"start":{"line":52,"column":4},"end":{"line":52,"column":39}},"30":{"start":{"line":52,"column":17},"end":{"line":52,"column":39}},"31":{"start":{"line":53,"column":4},"end":{"line":53,"column":64}},"32":{"start":{"line":53,"column":42},"end":{"line":53,"column":64}},"33":{"start":{"line":54,"column":4},"end":{"line":54,"column":20}},"34":{"start":{"line":59,"column":0},"end":{"line":59,"column":24}},"35":{"start":{"line":60,"column":0},"end":{"line":60,"column":48}},"36":{"start":{"line":63,"column":0},"end":{"line":74,"column":4}},"37":{"start":{"line":77,"column":0},"end":{"line":77,"column":48}},"38":{"start":{"line":78,"column":0},"end":{"line":78,"column":52}},"39":{"start":{"line":81,"column":0},"end":{"line":81,"column":61}},"40":{"start":{"line":81,"column":33},"end":{"line":81,"column":59}},"41":{"start":{"line":83,"column":0},"end":{"line":83,"column":77}},"42":{"start":{"line":83,"column":23},"end":{"line":83,"column":75}}},"fnMap":{"0":{"name":"(anonymous_0)","decl":{"start":{"line":26,"column":1},"end":{"line":26,"column":2}},"loc":{"start":{"line":26,"column":13},"end":{"line":34,"column":1}},"line":26},"1":{"name":"checkForgotPasswordEmailConfig","decl":{"start":{"line":37,"column":10},"end":{"line":37,"column":40}},"loc":{"start":{"line":37,"column":43},"end":{"line":45,"column":1}},"line":37},"2":{"name":"(anonymous_2)","decl":{"start":{"line":51,"column":10},"end":{"line":51,"column":11}},"loc":{"start":{"line":51,"column":32},"end":{"line":55,"column":3}},"line":51},"3":{"name":"(anonymous_3)","decl":{"start":{"line":81,"column":19},"end":{"line":81,"column":20}},"loc":{"start":{"line":81,"column":33},"end":{"line":81,"column":59}},"line":81},"4":{"name":"(anonymous_4)","decl":{"start":{"line":83,"column":17},"end":{"line":83,"column":18}},"loc":{"start":{"line":83,"column":23},"end":{"line":83,"column":75}},"line":83}},"branchMap":{"0":{"loc":{"start":{"line":11,"column":0},"end":{"line":14,"column":1}},"type":"if","locations":[{"start":{"line":11,"column":0},"end":{"line":14,"column":1}},{"start":{},"end":{}}],"line":11},"1":{"loc":{"start":{"line":11,"column":4},"end":{"line":11,"column":47}},"type":"binary-expr","locations":[{"start":{"line":11,"column":4},"end":{"line":11,"column":16}},{"start":{"line":11,"column":20},"end":{"line":11,"column":47}}],"line":11},"2":{"loc":{"start":{"line":17,"column":13},"end":{"line":17,"column":37}},"type":"binary-expr","locations":[{"start":{"line":17,"column":13},"end":{"line":17,"column":29}},{"start":{"line":17,"column":33},"end":{"line":17,"column":37}}],"line":17},"3":{"loc":{"start":{"line":22,"column":7},"end":{"line":22,"column":84}},"type":"cond-expr","locations":[{"start":{"line":22,"column":47},"end":{"line":22,"column":76}},{"start":{"line":22,"column":79},"end":{"line":22,"column":84}}],"line":22},"4":{"loc":{"start":{"line":38,"column":23},"end":{"line":38,"column":76}},"type":"binary-expr","locations":[{"start":{"line":38,"column":23},"end":{"line":38,"column":49}},{"start":{"line":38,"column":53},"end":{"line":38,"column":76}}],"line":38},"5":{"loc":{"start":{"line":39,"column":24},"end":{"line":39,"column":84}},"type":"binary-expr","locations":[{"start":{"line":39,"column":24},"end":{"line":39,"column":51}},{"start":{"line":39,"column":55},"end":{"line":39,"column":84}}],"line":39},"6":{"loc":{"start":{"line":40,"column":2},"end":{"line":44,"column":3}},"type":"if","locations":[{"start":{"line":40,"column":2},"end":{"line":44,"column":3}},{"start":{},"end":{}}],"line":40},"7":{"loc":{"start":{"line":40,"column":6},"end":{"line":40,"column":31}},"type":"binary-expr","locations":[{"start":{"line":40,"column":6},"end":{"line":40,"column":16}},{"start":{"line":40,"column":20},"end":{"line":40,"column":31}}],"line":40},"8":{"loc":{"start":{"line":48,"column":25},"end":{"line":48,"column":79}},"type":"binary-expr","locations":[{"start":{"line":48,"column":25},"end":{"line":48,"column":52}},{"start":{"line":48,"column":56},"end":{"line":48,"column":79}}],"line":48},"9":{"loc":{"start":{"line":52,"column":4},"end":{"line":52,"column":39}},"type":"if","locations":[{"start":{"line":52,"column":4},"end":{"line":52,"column":39}},{"start":{},"end":{}}],"line":52},"10":{"loc":{"start":{"line":53,"column":4},"end":{"line":53,"column":64}},"type":"if","locations":[{"start":{"line":53,"column":4},"end":{"line":53,"column":64}},{"start":{},"end":{}}],"line":53},"11":{"loc":{"start":{"line":65,"column":10},"end":{"line":65,"column":71}},"type":"binary-expr","locations":[{"start":{"line":65,"column":10},"end":{"line":65,"column":36}},{"start":{"line":65,"column":40},"end":{"line":65,"column":71}}],"line":65},"12":{"loc":{"start":{"line":71,"column":14},"end":{"line":71,"column":68}},"type":"cond-expr","locations":[{"start":{"line":71,"column":54},"end":{"line":71,"column":60}},{"start":{"line":71,"column":63},"end":{"line":71,"column":68}}],"line":71}},"s":{"0":0,"1":0,"2":0,"3":0,"4":0,"5":0,"6":0,"7":0,"8":0,"9":0,"10":0,"11":0,"12":0,"13":0,"14":0,"15":0,"16":0,"17":0,"18":0,"19":0,"20":0,"21":0,"22":0,"23":0,"24":0,"25":0,"26":0,"27":0,"28":0,"29":0,"30":0,"31":0,"32":0,"33":0,"34":0,"35":0,"36":0,"37":0,"38":0,"39":0,"40":0,"41":0,"42":0},"f":{"0":0,"1":0,"2":0,"3":0,"4":0},"b":{"0":[0,0],"1":[0,0],"2":[0,0],"3":[0,0],"4":[0,0],"5":[0,0],"6":[0,0],"7":[0,0],"8":[0,0],"9":[0,0],"10":[0,0],"11":[0,0],"12":[0,0]}}
,"/tmp/muscleup-api/middleware/auth.js": {"path":"/tmp/muscleup-api/middleware/auth.js","statementMap":{"0":{"start":{"line":2,"column":2},"end":{"line":2,"column":55}},"1":{"start":{"line":2,"column":41},"end":{"line":2,"column":55}},"2":{"start":{"line":3,"column":2},"end":{"line":3,"column":55}},"3":{"start":{"line":6,"column":0},"end":{"line":6,"column":33}}},"fnMap":{"0":{"name":"requireAuth","decl":{"start":{"line":1,"column":9},"end":{"line":1,"column":20}},"loc":{"start":{"line":1,"column":37},"end":{"line":4,"column":1}},"line":1}},"branchMap":{"0":{"loc":{"start":{"line":2,"column":2},"end":{"line":2,"column":55}},"type":"if","locations":[{"start":{"line":2,"column":2},"end":{"line":2,"column":55}},{"start":{},"end":{}}],"line":2},"1":{"loc":{"start":{"line":2,"column":6},"end":{"line":2,"column":39}},"type":"binary-expr","locations":[{"start":{"line":2,"column":6},"end":{"line":2,"column":17}},{"start":{"line":2,"column":21},"end":{"line":2,"column":39}}],"line":2}},"s":{"0":0,"1":0,"2":0,"3":0},"f":{"0":0},"b":{"0":[0,0],"1":[0,0]}}
,"/tmp/muscleup-api/routes/auth.js": {"path":"/tmp/muscleup-api/routes/auth.js","statementMap":{"0":{"start":{"line":1,"column":16},"end":{"line":1,"column":34}},"1":{"start":{"line":2,"column":18},"end":{"line":2,"column":47}},"2":{"start":{"line":3,"column":15},"end":{"line":3,"column":34}},"3":{"start":{"line":4,"column":15},"end":{"line":4,"column":32}},"4":{"start":{"line":5,"column":24},"end":{"line":5,"column":53}},"5":{"start":{"line":6,"column":15},"end":{"line":6,"column":31}},"6":{"start":{"line":8,"column":34},"end":{"line":8,"column":35}},"7":{"start":{"line":9,"column":36},"end":{"line":9,"column":37}},"8":{"start":{"line":11,"column":20},"end":{"line":11,"column":48}},"9":{"start":{"line":12,"column":32},"end":{"line":12,"column":35}},"10":{"start":{"line":13,"column":33},"end":{"line":13,"column":34}},"11":{"start":{"line":16,"column":2},"end":{"line":16,"column":48}},"12":{"start":{"line":20,"column":2},"end":{"line":20,"column":65}},"13":{"start":{"line":24,"column":17},"end":{"line":24,"column":47}},"14":{"start":{"line":25,"column":23},"end":{"line":25,"column":60}},"15":{"start":{"line":27,"column":2},"end":{"line":32,"column":3}},"16":{"start":{"line":28,"column":4},"end":{"line":30,"column":5}},"17":{"start":{"line":29,"column":6},"end":{"line":29,"column":104}},"18":{"start":{"line":31,"column":4},"end":{"line":31,"column":18}},"19":{"start":{"line":34,"column":21},"end":{"line":34,"column":46}},"20":{"start":{"line":35,"column":17},"end":{"line":35,"column":41}},"21":{"start":{"line":36,"column":17},"end":{"line":36,"column":92}},"22":{"start":{"line":37,"column":19},"end":{"line":37,"column":35}},"23":{"start":{"line":38,"column":2},"end":{"line":40,"column":3}},"24":{"start":{"line":39,"column":4},"end":{"line":39,"column":77}},"25":{"start":{"line":41,"column":2},"end":{"line":41,"column":9}},"26":{"start":{"line":44,"column":25},"end":{"line":50,"column":2}},"27":{"start":{"line":52,"column":21},"end":{"line":58,"column":2}},"28":{"start":{"line":60,"column":0},"end":{"line":442,"column":2}},"29":{"start":{"line":62,"column":2},"end":{"line":76,"column":5}},"30":{"start":{"line":63,"column":4},"end":{"line":65,"column":5}},"31":{"start":{"line":64,"column":6},"end":{"line":64,"column":48}},"32":{"start":{"line":66,"column":4},"end":{"line":75,"column":5}},"33":{"start":{"line":67,"column":21},"end":{"line":70,"column":7}},"34":{"start":{"line":71,"column":6},"end":{"line":71,"column":73}},"35":{"start":{"line":71,"column":31},"end":{"line":71,"column":73}},"36":{"start":{"line":72,"column":6},"end":{"line":72,"column":62}},"37":{"start":{"line":74,"column":6},"end":{"line":74,"column":54}},"38":{"start":{"line":80,"column":82},"end":{"line":80,"column":90}},"39":{"start":{"line":81,"column":22},"end":{"line":81,"column":109}},"40":{"start":{"line":82,"column":4},"end":{"line":84,"column":5}},"41":{"start":{"line":83,"column":6},"end":{"line":83,"column":67}},"42":{"start":{"line":85,"column":4},"end":{"line":87,"column":5}},"43":{"start":{"line":86,"column":6},"end":{"line":86,"column":66}},"44":{"start":{"line":88,"column":4},"end":{"line":90,"column":5}},"45":{"start":{"line":89,"column":6},"end":{"line":89,"column":66}},"46":{"start":{"line":91,"column":4},"end":{"line":93,"column":5}},"47":{"start":{"line":92,"column":6},"end":{"line":92,"column":79}},"48":{"start":{"line":94,"column":4},"end":{"line":96,"column":5}},"49":{"start":{"line":95,"column":6},"end":{"line":95,"column":97}},"50":{"start":{"line":97,"column":22},"end":{"line":97,"column":59}},"51":{"start":{"line":98,"column":4},"end":{"line":100,"column":5}},"52":{"start":{"line":99,"column":6},"end":{"line":99,"column":70}},"53":{"start":{"line":101,"column":29},"end":{"line":101,"column":76}},"54":{"start":{"line":102,"column":4},"end":{"line":141,"column":5}},"55":{"start":{"line":103,"column":21},"end":{"line":103,"column":134}},"56":{"start":{"line":104,"column":24},"end":{"line":104,"column":89}},"57":{"start":{"line":105,"column":20},"end":{"line":105,"column":35}},"58":{"start":{"line":107,"column":6},"end":{"line":122,"column":7}},"59":{"start":{"line":108,"column":21},"end":{"line":108,"column":35}},"60":{"start":{"line":109,"column":8},"end":{"line":112,"column":10}},"61":{"start":{"line":113,"column":8},"end":{"line":116,"column":10}},"62":{"start":{"line":117,"column":8},"end":{"line":121,"column":11}},"63":{"start":{"line":124,"column":21},"end":{"line":127,"column":7}},"64":{"start":{"line":128,"column":19},"end":{"line":128,"column":33}},"65":{"start":{"line":129,"column":6},"end":{"line":132,"column":8}},"66":{"start":{"line":133,"column":6},"end":{"line":137,"column":9}},"67":{"start":{"line":139,"column":6},"end":{"line":139,"column":47}},"68":{"start":{"line":140,"column":6},"end":{"line":140,"column":63}},"69":{"start":{"line":144,"column":2},"end":{"line":144,"column":86}},"70":{"start":{"line":145,"column":2},"end":{"line":145,"column":97}},"71":{"start":{"line":148,"column":2},"end":{"line":180,"column":5}},"72":{"start":{"line":149,"column":64},"end":{"line":149,"column":72}},"73":{"start":{"line":150,"column":4},"end":{"line":152,"column":5}},"74":{"start":{"line":151,"column":6},"end":{"line":151,"column":73}},"75":{"start":{"line":153,"column":4},"end":{"line":155,"column":5}},"76":{"start":{"line":154,"column":6},"end":{"line":154,"column":88}},"77":{"start":{"line":156,"column":4},"end":{"line":158,"column":5}},"78":{"start":{"line":157,"column":6},"end":{"line":157,"column":72}},"79":{"start":{"line":159,"column":4},"end":{"line":161,"column":5}},"80":{"start":{"line":160,"column":6},"end":{"line":160,"column":78}},"81":{"start":{"line":162,"column":4},"end":{"line":179,"column":5}},"82":{"start":{"line":163,"column":21},"end":{"line":163,"column":108}},"83":{"start":{"line":164,"column":6},"end":{"line":166,"column":7}},"84":{"start":{"line":165,"column":8},"end":{"line":165,"column":76}},"85":{"start":{"line":167,"column":19},"end":{"line":167,"column":50}},"86":{"start":{"line":168,"column":21},"end":{"line":171,"column":7}},"87":{"start":{"line":172,"column":19},"end":{"line":172,"column":33}},"88":{"start":{"line":173,"column":6},"end":{"line":173,"column":35}},"89":{"start":{"line":174,"column":6},"end":{"line":174,"column":50}},"90":{"start":{"line":175,"column":6},"end":{"line":175,"column":37}},"91":{"start":{"line":177,"column":6},"end":{"line":177,"column":44}},"92":{"start":{"line":178,"column":6},"end":{"line":178,"column":63}},"93":{"start":{"line":183,"column":2},"end":{"line":207,"column":5}},"94":{"start":{"line":184,"column":32},"end":{"line":184,"column":40}},"95":{"start":{"line":185,"column":4},"end":{"line":187,"column":5}},"96":{"start":{"line":186,"column":6},"end":{"line":186,"column":81}},"97":{"start":{"line":188,"column":4},"end":{"line":206,"column":5}},"98":{"start":{"line":189,"column":21},"end":{"line":189,"column":107}},"99":{"start":{"line":190,"column":6},"end":{"line":192,"column":7}},"100":{"start":{"line":191,"column":8},"end":{"line":191,"column":77}},"101":{"start":{"line":193,"column":19},"end":{"line":193,"column":33}},"102":{"start":{"line":194,"column":20},"end":{"line":194,"column":70}},"103":{"start":{"line":195,"column":6},"end":{"line":197,"column":7}},"104":{"start":{"line":196,"column":8},"end":{"line":196,"column":77}},"105":{"start":{"line":198,"column":6},"end":{"line":198,"column":35}},"106":{"start":{"line":199,"column":6},"end":{"line":199,"column":50}},"107":{"start":{"line":200,"column":6},"end":{"line":202,"column":9}},"108":{"start":{"line":204,"column":6},"end":{"line":204,"column":41}},"109":{"start":{"line":205,"column":6},"end":{"line":205,"column":63}},"110":{"start":{"line":210,"column":2},"end":{"line":212,"column":5}},"111":{"start":{"line":211,"column":4},"end":{"line":211,"column":54}},"112":{"start":{"line":211,"column":30},"end":{"line":211,"column":52}},"113":{"start":{"line":215,"column":2},"end":{"line":235,"column":5}},"114":{"start":{"line":216,"column":18},"end":{"line":216,"column":65}},"115":{"start":{"line":217,"column":4},"end":{"line":217,"column":73}},"116":{"start":{"line":217,"column":16},"end":{"line":217,"column":73}},"117":{"start":{"line":218,"column":4},"end":{"line":234,"column":5}},"118":{"start":{"line":219,"column":16},"end":{"line":224,"column":7}},"119":{"start":{"line":225,"column":6},"end":{"line":225,"column":93}},"120":{"start":{"line":225,"column":26},"end":{"line":225,"column":93}},"121":{"start":{"line":226,"column":18},"end":{"line":226,"column":27}},"122":{"start":{"line":227,"column":19},"end":{"line":227,"column":117}},"123":{"start":{"line":228,"column":6},"end":{"line":228,"column":35}},"124":{"start":{"line":229,"column":6},"end":{"line":229,"column":50}},"125":{"start":{"line":230,"column":6},"end":{"line":230,"column":25}},"126":{"start":{"line":232,"column":6},"end":{"line":232,"column":63}},"127":{"start":{"line":233,"column":6},"end":{"line":233,"column":54}},"128":{"start":{"line":238,"column":2},"end":{"line":267,"column":5}},"129":{"start":{"line":239,"column":45},"end":{"line":239,"column":53}},"130":{"start":{"line":240,"column":16},"end":{"line":240,"column":39}},"131":{"start":{"line":241,"column":4},"end":{"line":241,"column":73}},"132":{"start":{"line":241,"column":16},"end":{"line":241,"column":73}},"133":{"start":{"line":242,"column":4},"end":{"line":242,"column":81}},"134":{"start":{"line":242,"column":14},"end":{"line":242,"column":81}},"135":{"start":{"line":243,"column":4},"end":{"line":243,"column":106}},"136":{"start":{"line":243,"column":24},"end":{"line":243,"column":106}},"137":{"start":{"line":244,"column":4},"end":{"line":266,"column":5}},"138":{"start":{"line":245,"column":16},"end":{"line":249,"column":7}},"139":{"start":{"line":250,"column":6},"end":{"line":250,"column":93}},"140":{"start":{"line":250,"column":26},"end":{"line":250,"column":93}},"141":{"start":{"line":251,"column":21},"end":{"line":251,"column":38}},"142":{"start":{"line":252,"column":19},"end":{"line":252,"column":45}},"143":{"start":{"line":253,"column":6},"end":{"line":253,"column":121}},"144":{"start":{"line":254,"column":6},"end":{"line":254,"column":139}},"145":{"start":{"line":255,"column":25},"end":{"line":258,"column":7}},"146":{"start":{"line":259,"column":19},"end":{"line":259,"column":37}},"147":{"start":{"line":260,"column":6},"end":{"line":260,"column":35}},"148":{"start":{"line":261,"column":6},"end":{"line":261,"column":50}},"149":{"start":{"line":262,"column":6},"end":{"line":262,"column":25}},"150":{"start":{"line":264,"column":6},"end":{"line":264,"column":48}},"151":{"start":{"line":265,"column":6},"end":{"line":265,"column":63}},"152":{"start":{"line":270,"column":2},"end":{"line":317,"column":5}},"153":{"start":{"line":271,"column":22},"end":{"line":271,"column":30}},"154":{"start":{"line":272,"column":22},"end":{"line":272,"column":77}},"155":{"start":{"line":273,"column":4},"end":{"line":273,"column":81}},"156":{"start":{"line":273,"column":20},"end":{"line":273,"column":81}},"157":{"start":{"line":274,"column":4},"end":{"line":274,"column":102}},"158":{"start":{"line":274,"column":38},"end":{"line":274,"column":102}},"159":{"start":{"line":275,"column":20},"end":{"line":275,"column":86}},"160":{"start":{"line":276,"column":25},"end":{"line":276,"column":93}},"161":{"start":{"line":277,"column":4},"end":{"line":316,"column":5}},"162":{"start":{"line":278,"column":25},"end":{"line":278,"column":104}},"163":{"start":{"line":279,"column":6},"end":{"line":281,"column":7}},"164":{"start":{"line":280,"column":8},"end":{"line":280,"column":38}},"165":{"start":{"line":282,"column":21},"end":{"line":282,"column":42}},"166":{"start":{"line":283,"column":20},"end":{"line":283,"column":35}},"167":{"start":{"line":284,"column":24},"end":{"line":284,"column":91}},"168":{"start":{"line":285,"column":6},"end":{"line":288,"column":8}},"169":{"start":{"line":289,"column":29},"end":{"line":289,"column":105}},"170":{"start":{"line":291,"column":6},"end":{"line":306,"column":7}},"171":{"start":{"line":292,"column":27},"end":{"line":292,"column":44}},"172":{"start":{"line":293,"column":23},"end":{"line":293,"column":61}},"173":{"start":{"line":294,"column":32},"end":{"line":299,"column":10}},"174":{"start":{"line":300,"column":8},"end":{"line":305,"column":9}},"175":{"start":{"line":301,"column":10},"end":{"line":301,"column":81}},"176":{"start":{"line":302,"column":10},"end":{"line":304,"column":11}},"177":{"start":{"line":303,"column":12},"end":{"line":303,"column":64}},"178":{"start":{"line":308,"column":27},"end":{"line":308,"column":64}},"179":{"start":{"line":309,"column":6},"end":{"line":311,"column":7}},"180":{"start":{"line":310,"column":8},"end":{"line":310,"column":60}},"181":{"start":{"line":312,"column":6},"end":{"line":312,"column":29}},"182":{"start":{"line":314,"column":6},"end":{"line":314,"column":51}},"183":{"start":{"line":315,"column":6},"end":{"line":315,"column":63}},"184":{"start":{"line":320,"column":2},"end":{"line":349,"column":5}},"185":{"start":{"line":321,"column":50},"end":{"line":321,"column":58}},"186":{"start":{"line":322,"column":4},"end":{"line":322,"column":73}},"187":{"start":{"line":322,"column":16},"end":{"line":322,"column":73}},"188":{"start":{"line":323,"column":4},"end":{"line":323,"column":83}},"189":{"start":{"line":323,"column":19},"end":{"line":323,"column":83}},"190":{"start":{"line":324,"column":4},"end":{"line":324,"column":111}},"191":{"start":{"line":324,"column":29},"end":{"line":324,"column":111}},"192":{"start":{"line":325,"column":4},"end":{"line":325,"column":119}},"193":{"start":{"line":325,"column":53},"end":{"line":325,"column":119}},"194":{"start":{"line":326,"column":4},"end":{"line":348,"column":5}},"195":{"start":{"line":327,"column":16},"end":{"line":331,"column":7}},"196":{"start":{"line":332,"column":6},"end":{"line":332,"column":93}},"197":{"start":{"line":332,"column":26},"end":{"line":332,"column":93}},"198":{"start":{"line":333,"column":21},"end":{"line":333,"column":38}},"199":{"start":{"line":334,"column":19},"end":{"line":334,"column":50}},"200":{"start":{"line":335,"column":6},"end":{"line":335,"column":121}},"201":{"start":{"line":336,"column":6},"end":{"line":336,"column":120}},"202":{"start":{"line":337,"column":25},"end":{"line":340,"column":7}},"203":{"start":{"line":341,"column":19},"end":{"line":341,"column":37}},"204":{"start":{"line":342,"column":6},"end":{"line":342,"column":35}},"205":{"start":{"line":343,"column":6},"end":{"line":343,"column":50}},"206":{"start":{"line":344,"column":6},"end":{"line":344,"column":25}},"207":{"start":{"line":346,"column":6},"end":{"line":346,"column":50}},"208":{"start":{"line":347,"column":6},"end":{"line":347,"column":63}},"209":{"start":{"line":352,"column":2},"end":{"line":379,"column":5}},"210":{"start":{"line":353,"column":65},"end":{"line":353,"column":73}},"211":{"start":{"line":354,"column":4},"end":{"line":356,"column":5}},"212":{"start":{"line":355,"column":6},"end":{"line":355,"column":73}},"213":{"start":{"line":357,"column":4},"end":{"line":359,"column":5}},"214":{"start":{"line":358,"column":6},"end":{"line":358,"column":88}},"215":{"start":{"line":360,"column":4},"end":{"line":362,"column":5}},"216":{"start":{"line":361,"column":6},"end":{"line":361,"column":76}},"217":{"start":{"line":363,"column":4},"end":{"line":378,"column":5}},"218":{"start":{"line":364,"column":21},"end":{"line":364,"column":115}},"219":{"start":{"line":365,"column":6},"end":{"line":367,"column":7}},"220":{"start":{"line":366,"column":8},"end":{"line":366,"column":66}},"221":{"start":{"line":368,"column":20},"end":{"line":368,"column":88}},"222":{"start":{"line":369,"column":6},"end":{"line":371,"column":7}},"223":{"start":{"line":370,"column":8},"end":{"line":370,"column":81}},"224":{"start":{"line":372,"column":19},"end":{"line":372,"column":54}},"225":{"start":{"line":373,"column":6},"end":{"line":373,"column":127}},"226":{"start":{"line":374,"column":6},"end":{"line":374,"column":29}},"227":{"start":{"line":376,"column":6},"end":{"line":376,"column":51}},"228":{"start":{"line":377,"column":6},"end":{"line":377,"column":68}},"229":{"start":{"line":382,"column":2},"end":{"line":409,"column":5}},"230":{"start":{"line":383,"column":36},"end":{"line":383,"column":44}},"231":{"start":{"line":384,"column":4},"end":{"line":408,"column":5}},"232":{"start":{"line":385,"column":22},"end":{"line":385,"column":24}},"233":{"start":{"line":386,"column":21},"end":{"line":386,"column":23}},"234":{"start":{"line":387,"column":21},"end":{"line":387,"column":22}},"235":{"start":{"line":388,"column":6},"end":{"line":391,"column":7}},"236":{"start":{"line":389,"column":8},"end":{"line":389,"column":45}},"237":{"start":{"line":390,"column":8},"end":{"line":390,"column":27}},"238":{"start":{"line":392,"column":6},"end":{"line":395,"column":7}},"239":{"start":{"line":393,"column":8},"end":{"line":393,"column":52}},"240":{"start":{"line":394,"column":8},"end":{"line":394,"column":41}},"241":{"start":{"line":396,"column":6},"end":{"line":398,"column":7}},"242":{"start":{"line":397,"column":8},"end":{"line":397,"column":77}},"243":{"start":{"line":399,"column":6},"end":{"line":399,"column":38}},"244":{"start":{"line":400,"column":21},"end":{"line":403,"column":7}},"245":{"start":{"line":404,"column":6},"end":{"line":404,"column":41}},"246":{"start":{"line":406,"column":6},"end":{"line":406,"column":51}},"247":{"start":{"line":407,"column":6},"end":{"line":407,"column":68}},"248":{"start":{"line":412,"column":2},"end":{"line":422,"column":5}},"249":{"start":{"line":413,"column":4},"end":{"line":421,"column":5}},"250":{"start":{"line":414,"column":6},"end":{"line":414,"column":91}},"251":{"start":{"line":415,"column":6},"end":{"line":415,"column":89}},"252":{"start":{"line":416,"column":6},"end":{"line":416,"column":120}},"253":{"start":{"line":417,"column":6},"end":{"line":417,"column":29}},"254":{"start":{"line":419,"column":6},"end":{"line":419,"column":50}},"255":{"start":{"line":420,"column":6},"end":{"line":420,"column":67}},"256":{"start":{"line":425,"column":2},"end":{"line":439,"column":5}},"257":{"start":{"line":426,"column":4},"end":{"line":438,"column":5}},"258":{"start":{"line":427,"column":6},"end":{"line":432,"column":7}},"259":{"start":{"line":427,"column":23},"end":{"line":427,"column":24}},"260":{"start":{"line":428,"column":8},"end":{"line":431,"column":10}},"261":{"start":{"line":433,"column":6},"end":{"line":433,"column":120}},"262":{"start":{"line":434,"column":6},"end":{"line":434,"column":29}},"263":{"start":{"line":436,"column":6},"end":{"line":436,"column":46}},"264":{"start":{"line":437,"column":6},"end":{"line":437,"column":66}},"265":{"start":{"line":441,"column":2},"end":{"line":441,"column":16}}},"fnMap":{"0":{"name":"generateToken","decl":{"start":{"line":15,"column":9},"end":{"line":15,"column":22}},"loc":{"start":{"line":15,"column":25},"end":{"line":17,"column":1}},"line":15},"1":{"name":"hashToken","decl":{"start":{"line":19,"column":9},"end":{"line":19,"column":18}},"loc":{"start":{"line":19,"column":26},"end":{"line":21,"column":1}},"line":19},"2":{"name":"requireTrackerApiSecret","decl":{"start":{"line":23,"column":9},"end":{"line":23,"column":32}},"loc":{"start":{"line":23,"column":49},"end":{"line":42,"column":1}},"line":23},"3":{"name":"(anonymous_3)","decl":{"start":{"line":60,"column":17},"end":{"line":60,"column":18}},"loc":{"start":{"line":60,"column":33},"end":{"line":442,"column":1}},"line":60},"4":{"name":"(anonymous_4)","decl":{"start":{"line":62,"column":25},"end":{"line":62,"column":26}},"loc":{"start":{"line":62,"column":45},"end":{"line":76,"column":3}},"line":62},"5":{"name":"createUserHandler","decl":{"start":{"line":79,"column":17},"end":{"line":79,"column":34}},"loc":{"start":{"line":79,"column":45},"end":{"line":142,"column":3}},"line":79},"6":{"name":"(anonymous_6)","decl":{"start":{"line":148,"column":32},"end":{"line":148,"column":33}},"loc":{"start":{"line":148,"column":52},"end":{"line":180,"column":3}},"line":148},"7":{"name":"(anonymous_7)","decl":{"start":{"line":183,"column":43},"end":{"line":183,"column":44}},"loc":{"start":{"line":183,"column":63},"end":{"line":207,"column":3}},"line":183},"8":{"name":"(anonymous_8)","decl":{"start":{"line":210,"column":30},"end":{"line":210,"column":31}},"loc":{"start":{"line":210,"column":44},"end":{"line":212,"column":3}},"line":210},"9":{"name":"(anonymous_9)","decl":{"start":{"line":211,"column":24},"end":{"line":211,"column":25}},"loc":{"start":{"line":211,"column":30},"end":{"line":211,"column":52}},"line":211},"10":{"name":"(anonymous_10)","decl":{"start":{"line":215,"column":50},"end":{"line":215,"column":51}},"loc":{"start":{"line":215,"column":70},"end":{"line":235,"column":3}},"line":215},"11":{"name":"(anonymous_11)","decl":{"start":{"line":238,"column":54},"end":{"line":238,"column":55}},"loc":{"start":{"line":238,"column":74},"end":{"line":267,"column":3}},"line":238},"12":{"name":"(anonymous_12)","decl":{"start":{"line":270,"column":57},"end":{"line":270,"column":58}},"loc":{"start":{"line":270,"column":77},"end":{"line":317,"column":3}},"line":270},"13":{"name":"(anonymous_13)","decl":{"start":{"line":320,"column":38},"end":{"line":320,"column":39}},"loc":{"start":{"line":320,"column":58},"end":{"line":349,"column":3}},"line":320},"14":{"name":"(anonymous_14)","decl":{"start":{"line":352,"column":52},"end":{"line":352,"column":53}},"loc":{"start":{"line":352,"column":72},"end":{"line":379,"column":3}},"line":352},"15":{"name":"(anonymous_15)","decl":{"start":{"line":382,"column":44},"end":{"line":382,"column":45}},"loc":{"start":{"line":382,"column":64},"end":{"line":409,"column":3}},"line":382},"16":{"name":"(anonymous_16)","decl":{"start":{"line":412,"column":51},"end":{"line":412,"column":52}},"loc":{"start":{"line":412,"column":71},"end":{"line":422,"column":3}},"line":412},"17":{"name":"(anonymous_17)","decl":{"start":{"line":425,"column":47},"end":{"line":425,"column":48}},"loc":{"start":{"line":425,"column":67},"end":{"line":439,"column":3}},"line":425}},"branchMap":{"0":{"loc":{"start":{"line":27,"column":2},"end":{"line":32,"column":3}},"type":"if","locations":[{"start":{"line":27,"column":2},"end":{"line":32,"column":3}},{"start":{},"end":{}}],"line":27},"1":{"loc":{"start":{"line":28,"column":4},"end":{"line":30,"column":5}},"type":"if","locations":[{"start":{"line":28,"column":4},"end":{"line":30,"column":5}},{"start":{},"end":{}}],"line":28},"2":{"loc":{"start":{"line":36,"column":17},"end":{"line":36,"column":92}},"type":"cond-expr","locations":[{"start":{"line":36,"column":66},"end":{"line":36,"column":85}},{"start":{"line":36,"column":88},"end":{"line":36,"column":92}}],"line":36},"3":{"loc":{"start":{"line":36,"column":17},"end":{"line":36,"column":63}},"type":"binary-expr","locations":[{"start":{"line":36,"column":17},"end":{"line":36,"column":27}},{"start":{"line":36,"column":31},"end":{"line":36,"column":63}}],"line":36},"4":{"loc":{"start":{"line":37,"column":19},"end":{"line":37,"column":35}},"type":"binary-expr","locations":[{"start":{"line":37,"column":19},"end":{"line":37,"column":25}},{"start":{"line":37,"column":29},"end":{"line":37,"column":35}}],"line":37},"5":{"loc":{"start":{"line":38,"column":2},"end":{"line":40,"column":3}},"type":"if","locations":[{"start":{"line":38,"column":2},"end":{"line":40,"column":3}},{"start":{},"end":{}}],"line":38},"6":{"loc":{"start":{"line":38,"column":6},"end":{"line":38,"column":38}},"type":"binary-expr","locations":[{"start":{"line":38,"column":6},"end":{"line":38,"column":15}},{"start":{"line":38,"column":19},"end":{"line":38,"column":38}}],"line":38},"7":{"loc":{"start":{"line":63,"column":4},"end":{"line":65,"column":5}},"type":"if","locations":[{"start":{"line":63,"column":4},"end":{"line":65,"column":5}},{"start":{},"end":{}}],"line":63},"8":{"loc":{"start":{"line":63,"column":8},"end":{"line":63,"column":43}},"type":"binary-expr","locations":[{"start":{"line":63,"column":8},"end":{"line":63,"column":20}},{"start":{"line":63,"column":24},"end":{"line":63,"column":43}}],"line":63},"9":{"loc":{"start":{"line":71,"column":6},"end":{"line":71,"column":73}},"type":"if","locations":[{"start":{"line":71,"column":6},"end":{"line":71,"column":73}},{"start":{},"end":{}}],"line":71},"10":{"loc":{"start":{"line":81,"column":23},"end":{"line":81,"column":101}},"type":"cond-expr","locations":[{"start":{"line":81,"column":38},"end":{"line":81,"column":50}},{"start":{"line":81,"column":53},"end":{"line":81,"column":101}}],"line":81},"11":{"loc":{"start":{"line":81,"column":53},"end":{"line":81,"column":101}},"type":"cond-expr","locations":[{"start":{"line":81,"column":76},"end":{"line":81,"column":96}},{"start":{"line":81,"column":99},"end":{"line":81,"column":101}}],"line":81},"12":{"loc":{"start":{"line":82,"column":4},"end":{"line":84,"column":5}},"type":"if","locations":[{"start":{"line":82,"column":4},"end":{"line":84,"column":5}},{"start":{},"end":{}}],"line":82},"13":{"loc":{"start":{"line":82,"column":8},"end":{"line":82,"column":42}},"type":"binary-expr","locations":[{"start":{"line":82,"column":8},"end":{"line":82,"column":14}},{"start":{"line":82,"column":18},"end":{"line":82,"column":42}}],"line":82},"14":{"loc":{"start":{"line":85,"column":4},"end":{"line":87,"column":5}},"type":"if","locations":[{"start":{"line":85,"column":4},"end":{"line":87,"column":5}},{"start":{},"end":{}}],"line":85},"15":{"loc":{"start":{"line":88,"column":4},"end":{"line":90,"column":5}},"type":"if","locations":[{"start":{"line":88,"column":4},"end":{"line":90,"column":5}},{"start":{},"end":{}}],"line":88},"16":{"loc":{"start":{"line":91,"column":4},"end":{"line":93,"column":5}},"type":"if","locations":[{"start":{"line":91,"column":4},"end":{"line":93,"column":5}},{"start":{},"end":{}}],"line":91},"17":{"loc":{"start":{"line":91,"column":8},"end":{"line":91,"column":96}},"type":"binary-expr","locations":[{"start":{"line":91,"column":8},"end":{"line":91,"column":26}},{"start":{"line":91,"column":30},"end":{"line":91,"column":67}},{"start":{"line":91,"column":71},"end":{"line":91,"column":96}}],"line":91},"18":{"loc":{"start":{"line":94,"column":4},"end":{"line":96,"column":5}},"type":"if","locations":[{"start":{"line":94,"column":4},"end":{"line":96,"column":5}},{"start":{},"end":{}}],"line":94},"19":{"loc":{"start":{"line":98,"column":4},"end":{"line":100,"column":5}},"type":"if","locations":[{"start":{"line":98,"column":4},"end":{"line":100,"column":5}},{"start":{},"end":{}}],"line":98},"20":{"loc":{"start":{"line":107,"column":6},"end":{"line":122,"column":7}},"type":"if","locations":[{"start":{"line":107,"column":6},"end":{"line":122,"column":7}},{"start":{},"end":{}}],"line":107},"21":{"loc":{"start":{"line":150,"column":4},"end":{"line":152,"column":5}},"type":"if","locations":[{"start":{"line":150,"column":4},"end":{"line":152,"column":5}},{"start":{},"end":{}}],"line":150},"22":{"loc":{"start":{"line":150,"column":8},"end":{"line":150,"column":65}},"type":"binary-expr","locations":[{"start":{"line":150,"column":8},"end":{"line":150,"column":14}},{"start":{"line":150,"column":18},"end":{"line":150,"column":27}},{"start":{"line":150,"column":31},"end":{"line":150,"column":48}},{"start":{"line":150,"column":52},"end":{"line":150,"column":65}}],"line":150},"23":{"loc":{"start":{"line":153,"column":4},"end":{"line":155,"column":5}},"type":"if","locations":[{"start":{"line":153,"column":4},"end":{"line":155,"column":5}},{"start":{},"end":{}}],"line":153},"24":{"loc":{"start":{"line":156,"column":4},"end":{"line":158,"column":5}},"type":"if","locations":[{"start":{"line":156,"column":4},"end":{"line":158,"column":5}},{"start":{},"end":{}}],"line":156},"25":{"loc":{"start":{"line":159,"column":4},"end":{"line":161,"column":5}},"type":"if","locations":[{"start":{"line":159,"column":4},"end":{"line":161,"column":5}},{"start":{},"end":{}}],"line":159},"26":{"loc":{"start":{"line":164,"column":6},"end":{"line":166,"column":7}},"type":"if","locations":[{"start":{"line":164,"column":6},"end":{"line":166,"column":7}},{"start":{},"end":{}}],"line":164},"27":{"loc":{"start":{"line":185,"column":4},"end":{"line":187,"column":5}},"type":"if","locations":[{"start":{"line":185,"column":4},"end":{"line":187,"column":5}},{"start":{},"end":{}}],"line":185},"28":{"loc":{"start":{"line":185,"column":8},"end":{"line":185,"column":27}},"type":"binary-expr","locations":[{"start":{"line":185,"column":8},"end":{"line":185,"column":14}},{"start":{"line":185,"column":18},"end":{"line":185,"column":27}}],"line":185},"29":{"loc":{"start":{"line":190,"column":6},"end":{"line":192,"column":7}},"type":"if","locations":[{"start":{"line":190,"column":6},"end":{"line":192,"column":7}},{"start":{},"end":{}}],"line":190},"30":{"loc":{"start":{"line":195,"column":6},"end":{"line":197,"column":7}},"type":"if","locations":[{"start":{"line":195,"column":6},"end":{"line":197,"column":7}},{"start":{},"end":{}}],"line":195},"31":{"loc":{"start":{"line":216,"column":18},"end":{"line":216,"column":65}},"type":"binary-expr","locations":[{"start":{"line":216,"column":18},"end":{"line":216,"column":33}},{"start":{"line":216,"column":37},"end":{"line":216,"column":65}}],"line":216},"32":{"loc":{"start":{"line":217,"column":4},"end":{"line":217,"column":73}},"type":"if","locations":[{"start":{"line":217,"column":4},"end":{"line":217,"column":73}},{"start":{},"end":{}}],"line":217},"33":{"loc":{"start":{"line":225,"column":6},"end":{"line":225,"column":93}},"type":"if","locations":[{"start":{"line":225,"column":6},"end":{"line":225,"column":93}},{"start":{},"end":{}}],"line":225},"34":{"loc":{"start":{"line":240,"column":16},"end":{"line":240,"column":39}},"type":"binary-expr","locations":[{"start":{"line":240,"column":16},"end":{"line":240,"column":27}},{"start":{"line":240,"column":31},"end":{"line":240,"column":39}}],"line":240},"35":{"loc":{"start":{"line":241,"column":4},"end":{"line":241,"column":73}},"type":"if","locations":[{"start":{"line":241,"column":4},"end":{"line":241,"column":73}},{"start":{},"end":{}}],"line":241},"36":{"loc":{"start":{"line":242,"column":4},"end":{"line":242,"column":81}},"type":"if","locations":[{"start":{"line":242,"column":4},"end":{"line":242,"column":81}},{"start":{},"end":{}}],"line":242},"37":{"loc":{"start":{"line":243,"column":4},"end":{"line":243,"column":106}},"type":"if","locations":[{"start":{"line":243,"column":4},"end":{"line":243,"column":106}},{"start":{},"end":{}}],"line":243},"38":{"loc":{"start":{"line":250,"column":6},"end":{"line":250,"column":93}},"type":"if","locations":[{"start":{"line":250,"column":6},"end":{"line":250,"column":93}},{"start":{},"end":{}}],"line":250},"39":{"loc":{"start":{"line":272,"column":22},"end":{"line":272,"column":77}},"type":"cond-expr","locations":[{"start":{"line":272,"column":38},"end":{"line":272,"column":72}},{"start":{"line":272,"column":75},"end":{"line":272,"column":77}}],"line":272},"40":{"loc":{"start":{"line":273,"column":4},"end":{"line":273,"column":81}},"type":"if","locations":[{"start":{"line":273,"column":4},"end":{"line":273,"column":81}},{"start":{},"end":{}}],"line":273},"41":{"loc":{"start":{"line":274,"column":4},"end":{"line":274,"column":102}},"type":"if","locations":[{"start":{"line":274,"column":4},"end":{"line":274,"column":102}},{"start":{},"end":{}}],"line":274},"42":{"loc":{"start":{"line":275,"column":20},"end":{"line":275,"column":86}},"type":"binary-expr","locations":[{"start":{"line":275,"column":20},"end":{"line":275,"column":47}},{"start":{"line":275,"column":51},"end":{"line":275,"column":80}},{"start":{"line":275,"column":84},"end":{"line":275,"column":86}}],"line":275},"43":{"loc":{"start":{"line":276,"column":28},"end":{"line":276,"column":92}},"type":"binary-expr","locations":[{"start":{"line":276,"column":28},"end":{"line":276,"column":54}},{"start":{"line":276,"column":58},"end":{"line":276,"column":65}},{"start":{"line":276,"column":69},"end":{"line":276,"column":92}}],"line":276},"44":{"loc":{"start":{"line":279,"column":6},"end":{"line":281,"column":7}},"type":"if","locations":[{"start":{"line":279,"column":6},"end":{"line":281,"column":7}},{"start":{},"end":{}}],"line":279},"45":{"loc":{"start":{"line":289,"column":29},"end":{"line":289,"column":105}},"type":"cond-expr","locations":[{"start":{"line":289,"column":39},"end":{"line":289,"column":98}},{"start":{"line":289,"column":101},"end":{"line":289,"column":105}}],"line":289},"46":{"loc":{"start":{"line":291,"column":6},"end":{"line":306,"column":7}},"type":"if","locations":[{"start":{"line":291,"column":6},"end":{"line":306,"column":7}},{"start":{},"end":{}}],"line":291},"47":{"loc":{"start":{"line":300,"column":8},"end":{"line":305,"column":9}},"type":"if","locations":[{"start":{"line":300,"column":8},"end":{"line":305,"column":9}},{"start":{},"end":{}}],"line":300},"48":{"loc":{"start":{"line":301,"column":57},"end":{"line":301,"column":79}},"type":"binary-expr","locations":[{"start":{"line":301,"column":57},"end":{"line":301,"column":70}},{"start":{"line":301,"column":74},"end":{"line":301,"column":79}}],"line":301},"49":{"loc":{"start":{"line":302,"column":10},"end":{"line":304,"column":11}},"type":"if","locations":[{"start":{"line":302,"column":10},"end":{"line":304,"column":11}},{"start":{},"end":{}}],"line":302},"50":{"loc":{"start":{"line":309,"column":6},"end":{"line":311,"column":7}},"type":"if","locations":[{"start":{"line":309,"column":6},"end":{"line":311,"column":7}},{"start":{},"end":{}}],"line":309},"51":{"loc":{"start":{"line":309,"column":10},"end":{"line":309,"column":40}},"type":"binary-expr","locations":[{"start":{"line":309,"column":10},"end":{"line":309,"column":23}},{"start":{"line":309,"column":27},"end":{"line":309,"column":40}}],"line":309},"52":{"loc":{"start":{"line":322,"column":4},"end":{"line":322,"column":73}},"type":"if","locations":[{"start":{"line":322,"column":4},"end":{"line":322,"column":73}},{"start":{},"end":{}}],"line":322},"53":{"loc":{"start":{"line":323,"column":4},"end":{"line":323,"column":83}},"type":"if","locations":[{"start":{"line":323,"column":4},"end":{"line":323,"column":83}},{"start":{},"end":{}}],"line":323},"54":{"loc":{"start":{"line":324,"column":4},"end":{"line":324,"column":111}},"type":"if","locations":[{"start":{"line":324,"column":4},"end":{"line":324,"column":111}},{"start":{},"end":{}}],"line":324},"55":{"loc":{"start":{"line":325,"column":4},"end":{"line":325,"column":119}},"type":"if","locations":[{"start":{"line":325,"column":4},"end":{"line":325,"column":119}},{"start":{},"end":{}}],"line":325},"56":{"loc":{"start":{"line":325,"column":22},"end":{"line":325,"column":50}},"type":"binary-expr","locations":[{"start":{"line":325,"column":22},"end":{"line":325,"column":38}},{"start":{"line":325,"column":42},"end":{"line":325,"column":50}}],"line":325},"57":{"loc":{"start":{"line":332,"column":6},"end":{"line":332,"column":93}},"type":"if","locations":[{"start":{"line":332,"column":6},"end":{"line":332,"column":93}},{"start":{},"end":{}}],"line":332},"58":{"loc":{"start":{"line":354,"column":4},"end":{"line":356,"column":5}},"type":"if","locations":[{"start":{"line":354,"column":4},"end":{"line":356,"column":5}},{"start":{},"end":{}}],"line":354},"59":{"loc":{"start":{"line":354,"column":8},"end":{"line":354,"column":63}},"type":"binary-expr","locations":[{"start":{"line":354,"column":8},"end":{"line":354,"column":25}},{"start":{"line":354,"column":29},"end":{"line":354,"column":42}},{"start":{"line":354,"column":46},"end":{"line":354,"column":63}}],"line":354},"60":{"loc":{"start":{"line":357,"column":4},"end":{"line":359,"column":5}},"type":"if","locations":[{"start":{"line":357,"column":4},"end":{"line":359,"column":5}},{"start":{},"end":{}}],"line":357},"61":{"loc":{"start":{"line":360,"column":4},"end":{"line":362,"column":5}},"type":"if","locations":[{"start":{"line":360,"column":4},"end":{"line":362,"column":5}},{"start":{},"end":{}}],"line":360},"62":{"loc":{"start":{"line":365,"column":6},"end":{"line":367,"column":7}},"type":"if","locations":[{"start":{"line":365,"column":6},"end":{"line":367,"column":7}},{"start":{},"end":{}}],"line":365},"63":{"loc":{"start":{"line":369,"column":6},"end":{"line":371,"column":7}},"type":"if","locations":[{"start":{"line":369,"column":6},"end":{"line":371,"column":7}},{"start":{},"end":{}}],"line":369},"64":{"loc":{"start":{"line":388,"column":6},"end":{"line":391,"column":7}},"type":"if","locations":[{"start":{"line":388,"column":6},"end":{"line":391,"column":7}},{"start":{},"end":{}}],"line":388},"65":{"loc":{"start":{"line":388,"column":10},"end":{"line":388,"column":52}},"type":"binary-expr","locations":[{"start":{"line":388,"column":10},"end":{"line":388,"column":15}},{"start":{"line":388,"column":19},"end":{"line":388,"column":52}}],"line":388},"66":{"loc":{"start":{"line":392,"column":6},"end":{"line":395,"column":7}},"type":"if","locations":[{"start":{"line":392,"column":6},"end":{"line":395,"column":7}},{"start":{},"end":{}}],"line":392},"67":{"loc":{"start":{"line":392,"column":10},"end":{"line":392,"column":45}},"type":"binary-expr","locations":[{"start":{"line":392,"column":10},"end":{"line":392,"column":22}},{"start":{"line":392,"column":26},"end":{"line":392,"column":45}}],"line":392},"68":{"loc":{"start":{"line":396,"column":6},"end":{"line":398,"column":7}},"type":"if","locations":[{"start":{"line":396,"column":6},"end":{"line":398,"column":7}},{"start":{},"end":{}}],"line":396}},"s":{"0":0,"1":0,"2":0,"3":0,"4":0,"5":0,"6":0,"7":0,"8":0,"9":0,"10":0,"11":0,"12":0,"13":0,"14":0,"15":0,"16":0,"17":0,"18":0,"19":0,"20":0,"21":0,"22":0,"23":0,"24":0,"25":0,"26":0,"27":0,"28":0,"29":0,"30":0,"31":0,"32":0,"33":0,"34":0,"35":0,"36":0,"37":0,"38":0,"39":0,"40":0,"41":0,"42":0,"43":0,"44":0,"45":0,"46":0,"47":0,"48":0,"49":0,"50":0,"51":0,"52":0,"53":0,"54":0,"55":0,"56":0,"57":0,"58":0,"59":0,"60":0,"61":0,"62":0,"63":0,"64":0,"65":0,"66":0,"67":0,"68":0,"69":0,"70":0,"71":0,"72":0,"73":0,"74":0,"75":0,"76":0,"77":0,"78":0,"79":0,"80":0,"81":0,"82":0,"83":0,"84":0,"85":0,"86":0,"87":0,"88":0,"89":0,"90":0,"91":0,"92":0,"93":0,"94":0,"95":0,"96":0,"97":0,"98":0,"99":0,"100":0,"101":0,"102":0,"103":0,"104":0,"105":0,"106":0,"107":0,"108":0,"109":0,"110":0,"111":0,"112":0,"113":0,"114":0,"115":0,"116":0,"117":0,"118":0,"119":0,"120":0,"121":0,"122":0,"123":0,"124":0,"125":0,"126":0,"127":0,"128":0,"129":0,"130":0,"131":0,"132":0,"133":0,"134":0,"135":0,"136":0,"137":0,"138":0,"139":0,"140":0,"141":0,"142":0,"143":0,"144":0,"145":0,"146":0,"147":0,"148":0,"149":0,"150":0,"151":0,"152":0,"153":0,"154":0,"155":0,"156":0,"157":0,"158":0,"159":0,"160":0,"161":0,"162":0,"163":0,"164":0,"165":0,"166":0,"167":0,"168":0,"169":0,"170":0,"171":0,"172":0,"173":0,"174":0,"175":0,"176":0,"177":0,"178":0,"179":0,"180":0,"181":0,"182":0,"183":0,"184":0,"185":0,"186":0,"187":0,"188":0,"189":0,"190":0,"191":0,"192":0,"193":0,"194":0,"195":0,"196":0,"197":0,"198":0,"199":0,"200":0,"201":0,"202":0,"203":0,"204":0,"205":0,"206":0,"207":0,"208":0,"209":0,"210":0,"211":0,"212":0,"213":0,"214":0,"215":0,"216":0,"217":0,"218":0,"219":0,"220":0,"221":0,"222":0,"223":0,"224":0,"225":0,"226":0,"227":0,"228":0,"229":0,"230":0,"231":0,"232":0,"233":0,"234":0,"235":0,"236":0,"237":0,"238":0,"239":0,"240":0,"241":0,"242":0,"243":0,"244":0,"245":0,"246":0,"247":0,"248":0,"249":0,"250":0,"251":0,"252":0,"253":0,"254":0,"255":0,"256":0,"257":0,"258":0,"259":0,"260":0,"261":0,"262":0,"263":0,"264":0,"265":0},"f":{"0":0,"1":0,"2":0,"3":0,"4":0,"5":0,"6":0,"7":0,"8":0,"9":0,"10":0,"11":0,"12":0,"13":0,"14":0,"15":0,"16":0,"17":0},"b":{"0":[0,0],"1":[0,0],"2":[0,0],"3":[0,0],"4":[0,0],"5":[0,0],"6":[0,0],"7":[0,0],"8":[0,0],"9":[0,0],"10":[0,0],"11":[0,0],"12":[0,0],"13":[0,0],"14":[0,0],"15":[0,0],"16":[0,0],"17":[0,0,0],"18":[0,0],"19":[0,0],"20":[0,0],"21":[0,0],"22":[0,0,0,0],"23":[0,0],"24":[0,0],"25":[0,0],"26":[0,0],"27":[0,0],"28":[0,0],"29":[0,0],"30":[0,0],"31":[0,0],"32":[0,0],"33":[0,0],"34":[0,0],"35":[0,0],"36":[0,0],"37":[0,0],"38":[0,0],"39":[0,0],"40":[0,0],"41":[0,0],"42":[0,0,0],"43":[0,0,0],"44":[0,0],"45":[0,0],"46":[0,0],"47":[0,0],"48":[0,0],"49":[0,0],"50":[0,0],"51":[0,0],"52":[0,0],"53":[0,0],"54":[0,0],"55":[0,0],"56":[0,0],"57":[0,0],"58":[0,0],"59":[0,0,0],"60":[0,0],"61":[0,0],"62":[0,0],"63":[0,0],"64":[0,0],"65":[0,0],"66":[0,0],"67":[0,0],"68":[0,0]}}
,"/tmp/muscleup-api/routes/progress.js": {"path":"/tmp/muscleup-api/routes/progress.js","statementMap":{"0":{"start":{"line":1,"column":16},"end":{"line":1,"column":34}},"1":{"start":{"line":2,"column":24},"end":{"line":2,"column":53}},"2":{"start":{"line":3,"column":15},"end":{"line":3,"column":40}},"3":{"start":{"line":4,"column":15},"end":{"line":4,"column":31}},"4":{"start":{"line":6,"column":0},"end":{"line":113,"column":2}},"5":{"start":{"line":8,"column":2},"end":{"line":8,"column":56}},"6":{"start":{"line":8,"column":38},"end":{"line":8,"column":54}},"7":{"start":{"line":11,"column":2},"end":{"line":40,"column":5}},"8":{"start":{"line":12,"column":4},"end":{"line":39,"column":5}},"9":{"start":{"line":13,"column":25},"end":{"line":16,"column":7}},"10":{"start":{"line":17,"column":19},"end":{"line":17,"column":37}},"11":{"start":{"line":18,"column":6},"end":{"line":20,"column":7}},"12":{"start":{"line":19,"column":8},"end":{"line":19,"column":92}},"13":{"start":{"line":21,"column":26},"end":{"line":24,"column":13}},"14":{"start":{"line":25,"column":25},"end":{"line":29,"column":13}},"15":{"start":{"line":30,"column":28},"end":{"line":33,"column":20}},"16":{"start":{"line":34,"column":21},"end":{"line":34,"column":62}},"17":{"start":{"line":35,"column":6},"end":{"line":35,"column":98}},"18":{"start":{"line":37,"column":6},"end":{"line":37,"column":45}},"19":{"start":{"line":38,"column":6},"end":{"line":38,"column":54}},"20":{"start":{"line":43,"column":2},"end":{"line":60,"column":5}},"21":{"start":{"line":44,"column":18},"end":{"line":44,"column":46}},"22":{"start":{"line":45,"column":4},"end":{"line":45,"column":111}},"23":{"start":{"line":45,"column":55},"end":{"line":45,"column":111}},"24":{"start":{"line":46,"column":4},"end":{"line":59,"column":5}},"25":{"start":{"line":47,"column":19},"end":{"line":50,"column":13}},"26":{"start":{"line":51,"column":24},"end":{"line":54,"column":24}},"27":{"start":{"line":55,"column":6},"end":{"line":55,"column":36}},"28":{"start":{"line":57,"column":6},"end":{"line":57,"column":46}},"29":{"start":{"line":58,"column":6},"end":{"line":58,"column":54}},"30":{"start":{"line":63,"column":2},"end":{"line":79,"column":5}},"31":{"start":{"line":64,"column":96},"end":{"line":64,"column":104}},"32":{"start":{"line":65,"column":4},"end":{"line":65,"column":107}},"33":{"start":{"line":65,"column":33},"end":{"line":65,"column":107}},"34":{"start":{"line":66,"column":21},"end":{"line":66,"column":40}},"35":{"start":{"line":67,"column":4},"end":{"line":67,"column":124}},"36":{"start":{"line":67,"column":64},"end":{"line":67,"column":124}},"37":{"start":{"line":68,"column":4},"end":{"line":78,"column":5}},"38":{"start":{"line":69,"column":21},"end":{"line":73,"column":7}},"39":{"start":{"line":74,"column":6},"end":{"line":74,"column":52}},"40":{"start":{"line":76,"column":6},"end":{"line":76,"column":39}},"41":{"start":{"line":77,"column":6},"end":{"line":77,"column":56}},"42":{"start":{"line":82,"column":2},"end":{"line":97,"column":5}},"43":{"start":{"line":83,"column":16},"end":{"line":83,"column":44}},"44":{"start":{"line":84,"column":4},"end":{"line":84,"column":105}},"45":{"start":{"line":84,"column":49},"end":{"line":84,"column":105}},"46":{"start":{"line":85,"column":4},"end":{"line":96,"column":5}},"47":{"start":{"line":86,"column":6},"end":{"line":89,"column":8}},"48":{"start":{"line":90,"column":24},"end":{"line":90,"column":44}},"49":{"start":{"line":91,"column":6},"end":{"line":91,"column":132}},"50":{"start":{"line":92,"column":6},"end":{"line":92,"column":40}},"51":{"start":{"line":94,"column":6},"end":{"line":94,"column":44}},"52":{"start":{"line":95,"column":6},"end":{"line":95,"column":56}},"53":{"start":{"line":100,"column":2},"end":{"line":110,"column":5}},"54":{"start":{"line":101,"column":4},"end":{"line":109,"column":5}},"55":{"start":{"line":102,"column":21},"end":{"line":102,"column":139}},"56":{"start":{"line":103,"column":6},"end":{"line":105,"column":7}},"57":{"start":{"line":104,"column":8},"end":{"line":104,"column":64}},"58":{"start":{"line":106,"column":6},"end":{"line":106,"column":29}},"59":{"start":{"line":108,"column":6},"end":{"line":108,"column":48}},"60":{"start":{"line":112,"column":2},"end":{"line":112,"column":16}},"61":{"start":{"line":116,"column":17},"end":{"line":119,"column":3}},"62":{"start":{"line":120,"column":2},"end":{"line":120,"column":36}},"63":{"start":{"line":120,"column":27},"end":{"line":120,"column":36}},"64":{"start":{"line":121,"column":15},"end":{"line":121,"column":16}},"65":{"start":{"line":122,"column":17},"end":{"line":122,"column":27}},"66":{"start":{"line":123,"column":2},"end":{"line":123,"column":32}},"67":{"start":{"line":124,"column":2},"end":{"line":131,"column":3}},"68":{"start":{"line":125,"column":14},"end":{"line":125,"column":40}},"69":{"start":{"line":126,"column":4},"end":{"line":126,"column":27}},"70":{"start":{"line":127,"column":4},"end":{"line":130,"column":17}},"71":{"start":{"line":128,"column":6},"end":{"line":128,"column":15}},"72":{"start":{"line":129,"column":6},"end":{"line":129,"column":19}},"73":{"start":{"line":130,"column":11},"end":{"line":130,"column":17}},"74":{"start":{"line":132,"column":2},"end":{"line":132,"column":16}}},"fnMap":{"0":{"name":"(anonymous_0)","decl":{"start":{"line":6,"column":17},"end":{"line":6,"column":18}},"loc":{"start":{"line":6,"column":33},"end":{"line":113,"column":1}},"line":6},"1":{"name":"(anonymous_1)","decl":{"start":{"line":8,"column":24},"end":{"line":8,"column":25}},"loc":{"start":{"line":8,"column":38},"end":{"line":8,"column":54}},"line":8},"2":{"name":"(anonymous_2)","decl":{"start":{"line":11,"column":40},"end":{"line":11,"column":41}},"loc":{"start":{"line":11,"column":60},"end":{"line":40,"column":3}},"line":11},"3":{"name":"(anonymous_3)","decl":{"start":{"line":43,"column":47},"end":{"line":43,"column":48}},"loc":{"start":{"line":43,"column":67},"end":{"line":60,"column":3}},"line":43},"4":{"name":"(anonymous_4)","decl":{"start":{"line":63,"column":35},"end":{"line":63,"column":36}},"loc":{"start":{"line":63,"column":55},"end":{"line":79,"column":3}},"line":63},"5":{"name":"(anonymous_5)","decl":{"start":{"line":82,"column":40},"end":{"line":82,"column":41}},"loc":{"start":{"line":82,"column":60},"end":{"line":97,"column":3}},"line":82},"6":{"name":"(anonymous_6)","decl":{"start":{"line":100,"column":41},"end":{"line":100,"column":42}},"loc":{"start":{"line":100,"column":61},"end":{"line":110,"column":3}},"line":100},"7":{"name":"getStreak","decl":{"start":{"line":115,"column":15},"end":{"line":115,"column":24}},"loc":{"start":{"line":115,"column":39},"end":{"line":133,"column":1}},"line":115}},"branchMap":{"0":{"loc":{"start":{"line":18,"column":6},"end":{"line":20,"column":7}},"type":"if","locations":[{"start":{"line":18,"column":6},"end":{"line":20,"column":7}},{"start":{},"end":{}}],"line":18},"1":{"loc":{"start":{"line":45,"column":4},"end":{"line":45,"column":111}},"type":"if","locations":[{"start":{"line":45,"column":4},"end":{"line":45,"column":111}},{"start":{},"end":{}}],"line":45},"2":{"loc":{"start":{"line":45,"column":8},"end":{"line":45,"column":53}},"type":"binary-expr","locations":[{"start":{"line":45,"column":8},"end":{"line":45,"column":27}},{"start":{"line":45,"column":31},"end":{"line":45,"column":40}},{"start":{"line":45,"column":44},"end":{"line":45,"column":53}}],"line":45},"3":{"loc":{"start":{"line":51,"column":24},"end":{"line":54,"column":24}},"type":"binary-expr","locations":[{"start":{"line":51,"column":24},"end":{"line":54,"column":16}},{"start":{"line":54,"column":20},"end":{"line":54,"column":24}}],"line":51},"4":{"loc":{"start":{"line":65,"column":4},"end":{"line":65,"column":107}},"type":"if","locations":[{"start":{"line":65,"column":4},"end":{"line":65,"column":107}},{"start":{},"end":{}}],"line":65},"5":{"loc":{"start":{"line":65,"column":8},"end":{"line":65,"column":31}},"type":"binary-expr","locations":[{"start":{"line":65,"column":8},"end":{"line":65,"column":14}},{"start":{"line":65,"column":18},"end":{"line":65,"column":31}}],"line":65},"6":{"loc":{"start":{"line":67,"column":4},"end":{"line":67,"column":124}},"type":"if","locations":[{"start":{"line":67,"column":4},"end":{"line":67,"column":124}},{"start":{},"end":{}}],"line":67},"7":{"loc":{"start":{"line":67,"column":8},"end":{"line":67,"column":62}},"type":"binary-expr","locations":[{"start":{"line":67,"column":8},"end":{"line":67,"column":30}},{"start":{"line":67,"column":34},"end":{"line":67,"column":46}},{"start":{"line":67,"column":50},"end":{"line":67,"column":62}}],"line":67},"8":{"loc":{"start":{"line":72,"column":53},"end":{"line":72,"column":72}},"type":"binary-expr","locations":[{"start":{"line":72,"column":53},"end":{"line":72,"column":67}},{"start":{"line":72,"column":71},"end":{"line":72,"column":72}}],"line":72},"9":{"loc":{"start":{"line":72,"column":74},"end":{"line":72,"column":96}},"type":"binary-expr","locations":[{"start":{"line":72,"column":74},"end":{"line":72,"column":90}},{"start":{"line":72,"column":94},"end":{"line":72,"column":96}}],"line":72},"10":{"loc":{"start":{"line":72,"column":98},"end":{"line":72,"column":123}},"type":"binary-expr","locations":[{"start":{"line":72,"column":98},"end":{"line":72,"column":115}},{"start":{"line":72,"column":119},"end":{"line":72,"column":123}}],"line":72},"11":{"loc":{"start":{"line":72,"column":125},"end":{"line":72,"column":136}},"type":"binary-expr","locations":[{"start":{"line":72,"column":125},"end":{"line":72,"column":130}},{"start":{"line":72,"column":134},"end":{"line":72,"column":136}}],"line":72},"12":{"loc":{"start":{"line":84,"column":4},"end":{"line":84,"column":105}},"type":"if","locations":[{"start":{"line":84,"column":4},"end":{"line":84,"column":105}},{"start":{},"end":{}}],"line":84},"13":{"loc":{"start":{"line":84,"column":8},"end":{"line":84,"column":47}},"type":"binary-expr","locations":[{"start":{"line":84,"column":8},"end":{"line":84,"column":25}},{"start":{"line":84,"column":29},"end":{"line":84,"column":36}},{"start":{"line":84,"column":40},"end":{"line":84,"column":47}}],"line":84},"14":{"loc":{"start":{"line":103,"column":6},"end":{"line":105,"column":7}},"type":"if","locations":[{"start":{"line":103,"column":6},"end":{"line":105,"column":7}},{"start":{},"end":{}}],"line":103},"15":{"loc":{"start":{"line":120,"column":2},"end":{"line":120,"column":36}},"type":"if","locations":[{"start":{"line":120,"column":2},"end":{"line":120,"column":36}},{"start":{},"end":{}}],"line":120},"16":{"loc":{"start":{"line":127,"column":4},"end":{"line":130,"column":17}},"type":"if","locations":[{"start":{"line":127,"column":4},"end":{"line":130,"column":17}},{"start":{"line":130,"column":11},"end":{"line":130,"column":17}}],"line":127}},"s":{"0":0,"1":0,"2":0,"3":0,"4":0,"5":0,"6":0,"7":0,"8":0,"9":0,"10":0,"11":0,"12":0,"13":0,"14":0,"15":0,"16":0,"17":0,"18":0,"19":0,"20":0,"21":0,"22":0,"23":0,"24":0,"25":0,"26":0,"27":0,"28":0,"29":0,"30":0,"31":0,"32":0,"33":0,"34":0,"35":0,"36":0,"37":0,"38":0,"39":0,"40":0,"41":0,"42":0,"43":0,"44":0,"45":0,"46":0,"47":0,"48":0,"49":0,"50":0,"51":0,"52":0,"53":0,"54":0,"55":0,"56":0,"57":0,"58":0,"59":0,"60":0,"61":0,"62":0,"63":0,"64":0,"65":0,"66":0,"67":0,"68":0,"69":0,"70":0,"71":0,"72":0,"73":0,"74":0},"f":{"0":0,"1":0,"2":0,"3":0,"4":0,"5":0,"6":0,"7":0},"b":{"0":[0,0],"1":[0,0],"2":[0,0,0],"3":[0,0],"4":[0,0],"5":[0,0],"6":[0,0],"7":[0,0,0],"8":[0,0],"9":[0,0],"10":[0,0],"11":[0,0],"12":[0,0],"13":[0,0,0],"14":[0,0],"15":[0,0],"16":[0,0]}}
}
